[2026-07-10T04:34:17] METHOD missing class=NSUserDefaults sel=objectForKey:
[2026-07-10T04:34:17] METHOD missing class=NSUserDefaults sel=objectForKeyedSubscript:
[2026-07-10T04:34:17] METHOD missing class=NSUserDefaults sel=boolForKey:
[2026-07-10T04:34:17] METHOD missing class=NSUserDefaults sel=stringForKey:
[2026-07-10T04:34:17] METHOD missing class=NSUserDefaults sel=integerForKey:
[2026-07-10T04:34:17] METHOD missing class=NSUserDefaults sel=doubleForKey:
[2026-07-10T04:34:17] METHOD missing class=NSUserDefaults sel=setObject:forKey:
[2026-07-10T04:34:17] METHOD missing class=NSUserDefaults sel=setValue:forKey:
[2026-07-10T04:34:17] METHOD missing class=NSUserDefaults sel=setMessage:
[2026-07-10T04:34:17] METHOD missing class=NSUserDefaults sel=addAction:
[2026-07-10T04:34:17] METHOD missing class=NSUserDefaults sel=title
[2026-07-10T04:34:17] HOOK class=NSDictionary sel=objectForKey: imp=0x18184e15c
[2026-07-10T04:34:17] HOOK class=NSDictionary sel=objectForKeyedSubscript: imp=0x18171d6d8
[2026-07-10T04:34:17] METHOD missing class=NSDictionary sel=boolForKey:
[2026-07-10T04:34:17] METHOD missing class=NSDictionary sel=stringForKey:
[2026-07-10T04:34:17] METHOD missing class=NSDictionary sel=integerForKey:
[2026-07-10T04:34:17] METHOD missing class=NSDictionary sel=doubleForKey:
[2026-07-10T04:34:17] METHOD missing class=NSDictionary sel=setObject:forKey:
[2026-07-10T04:34:17] METHOD missing class=NSDictionary sel=setValue:forKey:
[2026-07-10T04:34:17] METHOD missing class=NSDictionary sel=setMessage:
[2026-07-10T04:34:17] METHOD missing class=NSDictionary sel=addAction:
[2026-07-10T04:34:17] METHOD missing class=NSDictionary sel=title
[2026-07-10T04:34:17] HOOK class=__NSDictionaryI sel=objectForKey: imp=0x18171cf60
[2026-07-10T04:34:17] HOOK class=__NSDictionaryI sel=objectForKeyedSubscript: imp=0x181727650
[2026-07-10T04:34:17] METHOD missing class=__NSDictionaryI sel=boolForKey:
[2026-07-10T04:34:17] METHOD missing class=__NSDictionaryI sel=stringForKey:
[2026-07-10T04:34:17] METHOD missing class=__NSDictionaryI sel=integerForKey:
[2026-07-10T04:34:17] METHOD missing class=__NSDictionaryI sel=doubleForKey:
[2026-07-10T04:34:17] METHOD missing class=__NSDictionaryI sel=setObject:forKey:
[2026-07-10T04:34:17] METHOD missing class=__NSDictionaryI sel=setValue:forKey:
[2026-07-10T04:34:17] METHOD missing class=__NSDictionaryI sel=setMessage:
[2026-07-10T04:34:17] METHOD missing class=__NSDictionaryI sel=addAction:
[2026-07-10T04:34:17] METHOD missing class=__NSDictionaryI sel=title
[2026-07-10T04:34:17] HOOK class=__NSDictionaryM sel=objectForKey: imp=0x1816c39dc
[2026-07-10T04:34:17] HOOK class=__NSDictionaryM sel=objectForKeyedSubscript: imp=0x1816d33f4
[2026-07-10T04:34:17] METHOD missing class=__NSDictionaryM sel=boolForKey:
[2026-07-10T04:34:17] METHOD missing class=__NSDictionaryM sel=stringForKey:
[2026-07-10T04:34:17] METHOD missing class=__NSDictionaryM sel=integerForKey:
[2026-07-10T04:34:17] METHOD missing class=__NSDictionaryM sel=doubleForKey:
[2026-07-10T04:34:17] HOOK class=__NSDictionaryM sel=setObject:forKey: imp=0x181707c7c
[2026-07-10T04:34:17] METHOD missing class=__NSDictionaryM sel=setValue:forKey:
[2026-07-10T04:34:17] METHOD missing class=__NSDictionaryM sel=setMessage:
[2026-07-10T04:34:17] METHOD missing class=__NSDictionaryM sel=addAction:
[2026-07-10T04:34:17] METHOD missing class=__NSDictionaryM sel=title
[2026-07-10T04:34:17] HOOK class=__NSSingleEntryDictionaryI sel=objectForKey: imp=0x18175b18c
[2026-07-10T04:34:17] HOOK class=__NSSingleEntryDictionaryI sel=objectForKeyedSubscript: imp=0x18171d6d8
[2026-07-10T04:34:17] METHOD missing class=__NSSingleEntryDictionaryI sel=boolForKey:
[2026-07-10T04:34:17] METHOD missing class=__NSSingleEntryDictionaryI sel=stringForKey:
[2026-07-10T04:34:17] METHOD missing class=__NSSingleEntryDictionaryI sel=integerForKey:
[2026-07-10T04:34:17] METHOD missing class=__NSSingleEntryDictionaryI sel=doubleForKey:
[2026-07-10T04:34:17] METHOD missing class=__NSSingleEntryDictionaryI sel=setObject:forKey:
[2026-07-10T04:34:17] METHOD missing class=__NSSingleEntryDictionaryI sel=setValue:forKey:
[2026-07-10T04:34:17] METHOD missing class=__NSSingleEntryDictionaryI sel=setMessage:
[2026-07-10T04:34:17] METHOD missing class=__NSSingleEntryDictionaryI sel=addAction:
[2026-07-10T04:34:17] METHOD missing class=__NSSingleEntryDictionaryI sel=title
[2026-07-10T04:34:17] HOOK class=__NSDictionary0 sel=objectForKey: imp=0x1817245d8
[2026-07-10T04:34:17] HOOK class=__NSDictionary0 sel=objectForKeyedSubscript: imp=0x18171d6d8
[2026-07-10T04:34:17] METHOD missing class=__NSDictionary0 sel=boolForKey:
[2026-07-10T04:34:17] METHOD missing class=__NSDictionary0 sel=stringForKey:
[2026-07-10T04:34:17] METHOD missing class=__NSDictionary0 sel=integerForKey:
[2026-07-10T04:34:17] METHOD missing class=__NSDictionary0 sel=doubleForKey:
[2026-07-10T04:34:17] METHOD missing class=__NSDictionary0 sel=setObject:forKey:
[2026-07-10T04:34:17] METHOD missing class=__NSDictionary0 sel=setValue:forKey:
[2026-07-10T04:34:17] METHOD missing class=__NSDictionary0 sel=setMessage:
[2026-07-10T04:34:17] METHOD missing class=__NSDictionary0 sel=addAction:
[2026-07-10T04:34:17] METHOD missing class=__NSDictionary0 sel=title
[2026-07-10T04:34:17] METHOD missing-class-or-selector class=__NSDictionary1 sel=objectForKey:
[2026-07-10T04:34:17] METHOD missing-class-or-selector class=__NSDictionary1 sel=objectForKeyedSubscript:
[2026-07-10T04:34:17] METHOD missing-class-or-selector class=__NSDictionary1 sel=boolForKey:
[2026-07-10T04:34:17] METHOD missing-class-or-selector class=__NSDictionary1 sel=stringForKey:
[2026-07-10T04:34:17] METHOD missing-class-or-selector class=__NSDictionary1 sel=integerForKey:
[2026-07-10T04:34:17] METHOD missing-class-or-selector class=__NSDictionary1 sel=doubleForKey:
[2026-07-10T04:34:17] METHOD missing-class-or-selector class=__NSDictionary1 sel=setObject:forKey:
[2026-07-10T04:34:17] METHOD missing-class-or-selector class=__NSDictionary1 sel=setValue:forKey:
[2026-07-10T04:34:17] METHOD missing-class-or-selector class=__NSDictionary1 sel=setMessage:
[2026-07-10T04:34:17] METHOD missing-class-or-selector class=__NSDictionary1 sel=addAction:
[2026-07-10T04:34:17] METHOD missing-class-or-selector class=__NSDictionary1 sel=title
[2026-07-10T04:34:17] METHOD missing class=UIAlertController sel=objectForKey:
[2026-07-10T04:34:17] METHOD missing class=UIAlertController sel=objectForKeyedSubscript:
[2026-07-10T04:34:17] METHOD missing class=UIAlertController sel=boolForKey:
[2026-07-10T04:34:17] METHOD missing class=UIAlertController sel=stringForKey:
[2026-07-10T04:34:17] METHOD missing class=UIAlertController sel=integerForKey:
[2026-07-10T04:34:17] METHOD missing class=UIAlertController sel=doubleForKey:
[2026-07-10T04:34:17] METHOD missing class=UIAlertController sel=setObject:forKey:
[2026-07-10T04:34:17] HOOK class=UIAlertController sel=setValue:forKey: imp=0x183de9ac4
[2026-07-10T04:34:17] HOOK class=UIAlertController sel=setMessage: imp=0x183aef9d0
[2026-07-10T04:34:17] HOOK class=UIAlertController sel=addAction: imp=0x183db222c
[2026-07-10T04:34:17] HOOK class=UIAlertController sel=title imp=0x183c4d444
[2026-07-10T04:34:17] METHOD missing class=UIAlertAction sel=objectForKey:
[2026-07-10T04:34:17] METHOD missing class=UIAlertAction sel=objectForKeyedSubscript:
[2026-07-10T04:34:17] METHOD missing class=UIAlertAction sel=boolForKey:
[2026-07-10T04:34:17] METHOD missing class=UIAlertAction sel=stringForKey:
[2026-07-10T04:34:17] METHOD missing class=UIAlertAction sel=integerForKey:
[2026-07-10T04:34:17] METHOD missing class=UIAlertAction sel=doubleForKey:
[2026-07-10T04:34:17] METHOD missing class=UIAlertAction sel=setObject:forKey:
[2026-07-10T04:34:17] METHOD missing class=UIAlertAction sel=setValue:forKey:
[2026-07-10T04:34:17] METHOD missing class=UIAlertAction sel=setMessage:
[2026-07-10T04:34:17] METHOD missing class=UIAlertAction sel=addAction:
[2026-07-10T04:34:17] HOOK class=UIAlertAction sel=title imp=0x183dd961c
[2026-07-10T04:34:17] HOOK class+UIAlertAction sel=actionWithTitle:style:handler: imp=0x183dae1a0
[2026-07-10T04:34:17] HOOK class+AppDelegate sel=RR: imp=0x10278dc48
[2026-07-10T04:34:17] HOOK class+AppDelegate sel=RRSet:value: imp=0x10278dd4c
[2026-07-10T04:34:17] HOOK class+AppDelegate sel=RReload imp=0x10278dbec
[2026-07-10T04:34:17] ready base=0x10250c000 size=33931264
[2026-07-10T04:34:17] ENTER class+AppDelegate sel=RR: arg=Latitude caller=0x10451c33c
[2026-07-10T04:34:17] LEAVE class+AppDelegate sel=RR: arg=Latitude ret=<null>
[2026-07-10T04:34:17] ENTER class+AppDelegate sel=RR: arg=Longitude caller=0x10451c33c
[2026-07-10T04:34:17] LEAVE class+AppDelegate sel=RR: arg=Longitude ret=<null>
[2026-07-10T04:34:17] MODULE name=RazerAuth2099.dylib base=0x106650000 path=/private/preboot/32AA6407BAA95597014A6E0B9C41EDFAF1FD8174C46D8E437F3082BD9948F79EFF4F691080B3D6D3E7EEC6383662C115/dopamine-fYddKK/procursus/usr/lib/TweakInject/RazerAuth2099.dylib
[2026-07-10T04:34:17] MODULE name=Shadow.dylib base=0x1066c8000 path=/private/preboot/32AA6407BAA95597014A6E0B9C41EDFAF1FD8174C46D8E437F3082BD9948F79EFF4F691080B3D6D3E7EEC6383662C115/dopamine-fYddKK/procursus/usr/lib/TweakInject/Shadow.dylib
[2026-07-10T04:34:17] MODULE name=amg.dylib base=0x1069c8000 path=/private/preboot/32AA6407BAA95597014A6E0B9C41EDFAF1FD8174C46D8E437F3082BD9948F79EFF4F691080B3D6D3E7EEC6383662C115/dopamine-fYddKK/procursus/usr/lib/TweakInject/amg.dylib
[2026-07-10T04:34:17] MODULE name=bfdecrypt.dylib base=0x106788000 path=/private/preboot/32AA6407BAA95597014A6E0B9C41EDFAF1FD8174C46D8E437F3082BD9948F79EFF4F691080B3D6D3E7EEC6383662C115/dopamine-fYddKK/procursus/usr/lib/TweakInject/bfdecrypt.dylib
[2026-07-10T04:34:17] MODULE name=razer.dylib base=0x106e30000 path=/private/preboot/32AA6407BAA95597014A6E0B9C41EDFAF1FD8174C46D8E437F3082BD9948F79EFF4F691080B3D6D3E7EEC6383662C115/dopamine-fYddKK/procursus/usr/lib/TweakInject/razer.dylib
[2026-07-10T04:34:17] MODULE name=zen.dylib base=0x106728000 path=/private/preboot/32AA6407BAA95597014A6E0B9C41EDFAF1FD8174C46D8E437F3082BD9948F79EFF4F691080B3D6D3E7EEC6383662C115/dopamine-fYddKK/procursus/usr/lib/TweakInject/zen.dylib
[2026-07-10T04:34:18] ENTER class+AppDelegate sel=RR: arg=Longitude caller=0x1031a7854
[2026-07-10T04:34:18] LEAVE class+AppDelegate sel=RR: arg=Longitude ret=<null>
[2026-07-10T04:34:18] ENTER class+AppDelegate sel=RR: arg=Latitude caller=0x1031a79e4
[2026-07-10T04:34:18] LEAVE class+AppDelegate sel=RR: arg=Latitude ret=<null>
[2026-07-10T04:34:18] ENTER class+AppDelegate sel=RR: arg=NetworkType caller=0x10451c33c
[2026-07-10T04:34:18] LEAVE class+AppDelegate sel=RR: arg=NetworkType ret=<null>
[2026-07-10T04:34:18] ENTER class+AppDelegate sel=RR: arg=NetworkType caller=0x10451c33c
[2026-07-10T04:34:18] LEAVE class+AppDelegate sel=RR: arg=NetworkType ret=<null>
[2026-07-10T04:34:18] ENTER class+AppDelegate sel=RR: arg=NetworkType caller=0x10451c33c
[2026-07-10T04:34:18] LEAVE class+AppDelegate sel=RR: arg=NetworkType ret=<null>
[2026-07-10T04:34:18] ENTER class+AppDelegate sel=RR: arg=NetworkType caller=0x10451c33c
[2026-07-10T04:34:18] LEAVE class+AppDelegate sel=RR: arg=NetworkType ret=<null>
[2026-07-10T04:34:18] ENTER class+AppDelegate sel=RR: arg=NetworkType caller=0x10451c33c
[2026-07-10T04:34:18] LEAVE class+AppDelegate sel=RR: arg=NetworkType ret=<null>
[2026-07-10T04:34:18] ENTER class+AppDelegate sel=RR: arg=Longitude caller=0x1031a7854
[2026-07-10T04:34:18] LEAVE class+AppDelegate sel=RR: arg=Longitude ret=<null>
[2026-07-10T04:34:18] ENTER class+AppDelegate sel=RR: arg=Latitude caller=0x1031a79e4
[2026-07-10T04:34:18] LEAVE class+AppDelegate sel=RR: arg=Latitude ret=<null>
[2026-07-10T04:34:18] ENTER class+AppDelegate sel=RR: arg=Longitude caller=0x1031a7854
[2026-07-10T04:34:18] LEAVE class+AppDelegate sel=RR: arg=Longitude ret=<null>
[2026-07-10T04:34:18] ENTER class+AppDelegate sel=RR: arg=Latitude caller=0x1031a79e4
[2026-07-10T04:34:18] LEAVE class+AppDelegate sel=RR: arg=Latitude ret=<null>
[2026-07-10T04:34:19] ENTER class+AppDelegate sel=RR: arg=Longitude caller=0x1031a7854
[2026-07-10T04:34:19] LEAVE class+AppDelegate sel=RR: arg=Longitude ret=<null>
[2026-07-10T04:34:19] ENTER class+AppDelegate sel=RR: arg=Latitude caller=0x1031a79e4
[2026-07-10T04:34:19] LEAVE class+AppDelegate sel=RR: arg=Latitude ret=<null>
[2026-07-10T04:34:19] ENTER class+AppDelegate sel=RR: arg=NetworkType caller=0x10451c33c
[2026-07-10T04:34:19] LEAVE class+AppDelegate sel=RR: arg=NetworkType ret=<null>
[2026-07-10T04:34:19] ENTER class+AppDelegate sel=RR: arg=NetworkType caller=0x10451c33c
[2026-07-10T04:34:19] LEAVE class+AppDelegate sel=RR: arg=NetworkType ret=<null>
[2026-07-10T04:34:19] ENTER class+AppDelegate sel=RR: arg=NetworkType caller=0x10451c33c
[2026-07-10T04:34:19] LEAVE class+AppDelegate sel=RR: arg=NetworkType ret=<null>
[2026-07-10T04:34:19] ENTER class+AppDelegate sel=RR: arg=NetworkType caller=0x10451c33c
[2026-07-10T04:34:19] LEAVE class+AppDelegate sel=RR: arg=NetworkType ret=<null>
[2026-07-10T04:34:19] ENTER class+AppDelegate sel=RR: arg=NetworkType caller=0x10451c33c
[2026-07-10T04:34:19] LEAVE class+AppDelegate sel=RR: arg=NetworkType ret=<null>
[2026-07-10T04:34:19] ENTER class+AppDelegate sel=RR: arg=Longitude caller=0x1031a7854
[2026-07-10T04:34:19] LEAVE class+AppDelegate sel=RR: arg=Longitude ret=<null>
[2026-07-10T04:34:19] ENTER class+AppDelegate sel=RR: arg=Latitude caller=0x1031a79e4
[2026-07-10T04:34:19] LEAVE class+AppDelegate sel=RR: arg=Latitude ret=<null>
[2026-07-10T04:35:05] ENTER class+UIAlertAction sel=actionWithTitle:style:handler: arg=確定 caller=0x10451c33c
[2026-07-10T04:35:05] LEAVE class+UIAlertAction sel=actionWithTitle:style:handler: arg=確定 ret=0x280b99950
[2026-07-10T04:35:05] ENTER class=UIAlertController sel=addAction: key= keyptr= actionTitle=確定 caller=0x10451c33c
[2026-07-10T04:35:05] LEAVE class=UIAlertController sel=addAction: key= keyptr= value=<unreadable> (0x280b99950)
[2026-07-10T04:35:05] ENTER class+UIAlertAction sel=actionWithTitle:style:handler: arg=取消 caller=0x10451c33c
[2026-07-10T04:35:05] LEAVE class+UIAlertAction sel=actionWithTitle:style:handler: arg=取消 ret=0x280b84240
[2026-07-10T04:35:05] ENTER class=UIAlertController sel=addAction: key= keyptr= actionTitle=取消 caller=0x10451c33c
[2026-07-10T04:35:05] LEAVE class=UIAlertController sel=addAction: key= keyptr= value=<unreadable> (0x280b84240)
