[2026-07-10T04:31:59] HOOK class=NSUserDefaults sel=objectForKey: imp=0x105574000
[2026-07-10T04:31:59] METHOD missing class=NSUserDefaults sel=objectForKeyedSubscript:
[2026-07-10T04:31:59] HOOK class=NSUserDefaults sel=boolForKey: imp=0x1055742e8
[2026-07-10T04:31:59] HOOK class=NSUserDefaults sel=stringForKey: imp=0x105574230
[2026-07-10T04:31:59] HOOK class=NSUserDefaults sel=integerForKey: imp=0x105574364
[2026-07-10T04:31:59] HOOK class=NSUserDefaults sel=doubleForKey: imp=0x1055743e0
[2026-07-10T04:31:59] HOOK class=NSUserDefaults sel=setObject:forKey: imp=0x182e09064
[2026-07-10T04:31:59] HOOK class=NSUserDefaults sel=setValue:forKey: imp=0x182eac2c4
[2026-07-10T04:31:59] METHOD missing class=NSUserDefaults sel=setMessage:
[2026-07-10T04:31:59] METHOD missing class=NSUserDefaults sel=addAction:
[2026-07-10T04:31:59] METHOD missing class=NSUserDefaults sel=title
[2026-07-10T04:31:59] HOOK class=NSDictionary sel=objectForKey: imp=0x18184e15c
[2026-07-10T04:31:59] HOOK class=NSDictionary sel=objectForKeyedSubscript: imp=0x18171d6d8
[2026-07-10T04:31:59] METHOD missing class=NSDictionary sel=boolForKey:
[2026-07-10T04:31:59] METHOD missing class=NSDictionary sel=stringForKey:
[2026-07-10T04:31:59] METHOD missing class=NSDictionary sel=integerForKey:
[2026-07-10T04:31:59] METHOD missing class=NSDictionary sel=doubleForKey:
[2026-07-10T04:31:59] METHOD missing class=NSDictionary sel=setObject:forKey:
[2026-07-10T04:31:59] HOOK class=NSDictionary sel=setValue:forKey: imp=0x182df7e40
[2026-07-10T04:31:59] METHOD missing class=NSDictionary sel=setMessage:
[2026-07-10T04:31:59] METHOD missing class=NSDictionary sel=addAction:
[2026-07-10T04:31:59] METHOD missing class=NSDictionary sel=title
[2026-07-10T04:31:59] HOOK class=__NSDictionaryI sel=objectForKey: imp=0x105574bc0
[2026-07-10T04:31:59] HOOK class=__NSDictionaryI sel=objectForKeyedSubscript: imp=0x105574cd4
[2026-07-10T04:31:59] METHOD missing class=__NSDictionaryI sel=boolForKey:
[2026-07-10T04:31:59] METHOD missing class=__NSDictionaryI sel=stringForKey:
[2026-07-10T04:31:59] METHOD missing class=__NSDictionaryI sel=integerForKey:
[2026-07-10T04:31:59] METHOD missing class=__NSDictionaryI sel=doubleForKey:
[2026-07-10T04:31:59] METHOD missing class=__NSDictionaryI sel=setObject:forKey:
[2026-07-10T04:31:59] HOOK class=__NSDictionaryI sel=setValue:forKey: imp=0x182df7e40
[2026-07-10T04:31:59] METHOD missing class=__NSDictionaryI sel=setMessage:
[2026-07-10T04:31:59] METHOD missing class=__NSDictionaryI sel=addAction:
[2026-07-10T04:31:59] METHOD missing class=__NSDictionaryI sel=title
[2026-07-10T04:31:59] HOOK class=__NSDictionaryM sel=objectForKey: imp=0x105574bc0
[2026-07-10T04:31:59] HOOK class=__NSDictionaryM sel=objectForKeyedSubscript: imp=0x105574cd4
[2026-07-10T04:31:59] METHOD missing class=__NSDictionaryM sel=boolForKey:
[2026-07-10T04:31:59] METHOD missing class=__NSDictionaryM sel=stringForKey:
[2026-07-10T04:31:59] METHOD missing class=__NSDictionaryM sel=integerForKey:
[2026-07-10T04:31:59] METHOD missing class=__NSDictionaryM sel=doubleForKey:
[2026-07-10T04:31:59] HOOK class=__NSDictionaryM sel=setObject:forKey: imp=0x105669d40
[2026-07-10T04:31:59] HOOK class=__NSDictionaryM sel=setValue:forKey: imp=0x182df6f78
[2026-07-10T04:31:59] METHOD missing class=__NSDictionaryM sel=setMessage:
[2026-07-10T04:31:59] METHOD missing class=__NSDictionaryM sel=addAction:
[2026-07-10T04:31:59] METHOD missing class=__NSDictionaryM sel=title
[2026-07-10T04:31:59] HOOK class=__NSSingleEntryDictionaryI sel=objectForKey: imp=0x105574bc0
[2026-07-10T04:31:59] HOOK class=__NSSingleEntryDictionaryI sel=objectForKeyedSubscript: imp=0x18171d6d8
[2026-07-10T04:31:59] METHOD missing class=__NSSingleEntryDictionaryI sel=boolForKey:
[2026-07-10T04:31:59] METHOD missing class=__NSSingleEntryDictionaryI sel=stringForKey:
[2026-07-10T04:31:59] METHOD missing class=__NSSingleEntryDictionaryI sel=integerForKey:
[2026-07-10T04:31:59] METHOD missing class=__NSSingleEntryDictionaryI sel=doubleForKey:
[2026-07-10T04:31:59] METHOD missing class=__NSSingleEntryDictionaryI sel=setObject:forKey:
[2026-07-10T04:31:59] HOOK class=__NSSingleEntryDictionaryI sel=setValue:forKey: imp=0x182df7e40
[2026-07-10T04:31:59] METHOD missing class=__NSSingleEntryDictionaryI sel=setMessage:
[2026-07-10T04:31:59] METHOD missing class=__NSSingleEntryDictionaryI sel=addAction:
[2026-07-10T04:31:59] METHOD missing class=__NSSingleEntryDictionaryI sel=title
[2026-07-10T04:31:59] HOOK class=__NSDictionary0 sel=objectForKey: imp=0x105574bc0
[2026-07-10T04:31:59] HOOK class=__NSDictionary0 sel=objectForKeyedSubscript: imp=0x18171d6d8
[2026-07-10T04:31:59] METHOD missing class=__NSDictionary0 sel=boolForKey:
[2026-07-10T04:31:59] METHOD missing class=__NSDictionary0 sel=stringForKey:
[2026-07-10T04:31:59] METHOD missing class=__NSDictionary0 sel=integerForKey:
[2026-07-10T04:31:59] METHOD missing class=__NSDictionary0 sel=doubleForKey:
[2026-07-10T04:31:59] METHOD missing class=__NSDictionary0 sel=setObject:forKey:
[2026-07-10T04:31:59] HOOK class=__NSDictionary0 sel=setValue:forKey: imp=0x182df7e40
[2026-07-10T04:31:59] METHOD missing class=__NSDictionary0 sel=setMessage:
[2026-07-10T04:31:59] METHOD missing class=__NSDictionary0 sel=addAction:
[2026-07-10T04:31:59] METHOD missing class=__NSDictionary0 sel=title
[2026-07-10T04:31:59] METHOD missing-class-or-selector class=__NSDictionary1 sel=objectForKey:
[2026-07-10T04:31:59] METHOD missing-class-or-selector class=__NSDictionary1 sel=objectForKeyedSubscript:
[2026-07-10T04:31:59] METHOD missing-class-or-selector class=__NSDictionary1 sel=boolForKey:
[2026-07-10T04:31:59] METHOD missing-class-or-selector class=__NSDictionary1 sel=stringForKey:
[2026-07-10T04:31:59] METHOD missing-class-or-selector class=__NSDictionary1 sel=integerForKey:
[2026-07-10T04:31:59] METHOD missing-class-or-selector class=__NSDictionary1 sel=doubleForKey:
[2026-07-10T04:31:59] METHOD missing-class-or-selector class=__NSDictionary1 sel=setObject:forKey:
[2026-07-10T04:31:59] METHOD missing-class-or-selector class=__NSDictionary1 sel=setValue:forKey:
[2026-07-10T04:31:59] METHOD missing-class-or-selector class=__NSDictionary1 sel=setMessage:
[2026-07-10T04:31:59] METHOD missing-class-or-selector class=__NSDictionary1 sel=addAction:
[2026-07-10T04:31:59] METHOD missing-class-or-selector class=__NSDictionary1 sel=title
[2026-07-10T04:31:59] METHOD missing class=UIAlertController sel=objectForKey:
[2026-07-10T04:31:59] METHOD missing class=UIAlertController sel=objectForKeyedSubscript:
[2026-07-10T04:31:59] METHOD missing class=UIAlertController sel=boolForKey:
[2026-07-10T04:31:59] METHOD missing class=UIAlertController sel=stringForKey:
[2026-07-10T04:31:59] METHOD missing class=UIAlertController sel=integerForKey:
[2026-07-10T04:31:59] METHOD missing class=UIAlertController sel=doubleForKey:
[2026-07-10T04:31:59] METHOD missing class=UIAlertController sel=setObject:forKey:
[2026-07-10T04:31:59] HOOK class=UIAlertController sel=setValue:forKey: imp=0x183de9ac4
[2026-07-10T04:31:59] HOOK class=UIAlertController sel=setMessage: imp=0x183aef9d0
[2026-07-10T04:31:59] HOOK class=UIAlertController sel=addAction: imp=0x183db222c
[2026-07-10T04:31:59] HOOK class=UIAlertController sel=title imp=0x183c4d444
[2026-07-10T04:31:59] METHOD missing class=UIAlertAction sel=objectForKey:
[2026-07-10T04:31:59] METHOD missing class=UIAlertAction sel=objectForKeyedSubscript:
[2026-07-10T04:31:59] METHOD missing class=UIAlertAction sel=boolForKey:
[2026-07-10T04:31:59] METHOD missing class=UIAlertAction sel=stringForKey:
[2026-07-10T04:31:59] METHOD missing class=UIAlertAction sel=integerForKey:
[2026-07-10T04:31:59] METHOD missing class=UIAlertAction sel=doubleForKey:
[2026-07-10T04:31:59] METHOD missing class=UIAlertAction sel=setObject:forKey:
[2026-07-10T04:31:59] HOOK class=UIAlertAction sel=setValue:forKey: imp=0x182df7e40
[2026-07-10T04:31:59] METHOD missing class=UIAlertAction sel=setMessage:
[2026-07-10T04:31:59] METHOD missing class=UIAlertAction sel=addAction:
[2026-07-10T04:31:59] HOOK class=UIAlertAction sel=title imp=0x183dd961c
[2026-07-10T04:31:59] HOOK class+UIAlertAction sel=actionWithTitle:style:handler: imp=0x183dae1a0
[2026-07-10T04:31:59] HOOK class+AppDelegate sel=RR: imp=0x1030a1c48
[2026-07-10T04:31:59] HOOK class+AppDelegate sel=RRSet:value: imp=0x1030a1d4c
[2026-07-10T04:31:59] HOOK class+AppDelegate sel=RReload imp=0x1030a1bec
[2026-07-10T04:31:59] MODULE name=RazerAuth2099.dylib base=0x105570000 path=/private/preboot/32AA6407BAA95597014A6E0B9C41EDFAF1FD8174C46D8E437F3082BD9948F79EFF4F691080B3D6D3E7EEC6383662C115/dopamine-fYddKK/procursus/usr/lib/TweakInject/RazerAuth2099.dylib
[2026-07-10T04:31:59] MODULE name=Shadow.dylib base=0x105584000 path=/private/preboot/32AA6407BAA95597014A6E0B9C41EDFAF1FD8174C46D8E437F3082BD9948F79EFF4F691080B3D6D3E7EEC6383662C115/dopamine-fYddKK/procursus/usr/lib/TweakInject/Shadow.dylib
[2026-07-10T04:31:59] MODULE name=amg.dylib base=0x106ce4000 path=/private/preboot/32AA6407BAA95597014A6E0B9C41EDFAF1FD8174C46D8E437F3082BD9948F79EFF4F691080B3D6D3E7EEC6383662C115/dopamine-fYddKK/procursus/usr/lib/TweakInject/amg.dylib
[2026-07-10T04:31:59] MODULE name=bfdecrypt.dylib base=0x1056f8000 path=/private/preboot/32AA6407BAA95597014A6E0B9C41EDFAF1FD8174C46D8E437F3082BD9948F79EFF4F691080B3D6D3E7EEC6383662C115/dopamine-fYddKK/procursus/usr/lib/TweakInject/bfdecrypt.dylib
[2026-07-10T04:31:59] MODULE name=razer.dylib base=0x10714c000 path=/private/preboot/32AA6407BAA95597014A6E0B9C41EDFAF1FD8174C46D8E437F3082BD9948F79EFF4F691080B3D6D3E7EEC6383662C115/dopamine-fYddKK/procursus/usr/lib/TweakInject/razer.dylib
[2026-07-10T04:31:59] MODULE name=zen.dylib base=0x106a28000 path=/private/preboot/32AA6407BAA95597014A6E0B9C41EDFAF1FD8174C46D8E437F3082BD9948F79EFF4F691080B3D6D3E7EEC6383662C115/dopamine-fYddKK/procursus/usr/lib/TweakInject/zen.dylib
[2026-07-10T04:31:59] ready base=0x102e20000 size=33931264
[2026-07-10T04:32:06] ENTER class=NSUserDefaults sel=setObject:forKey: key= keyptr= setValue=0x281ace4e0 caller=0x102e54df4
[2026-07-10T04:32:06] LEAVE class=NSUserDefaults sel=setObject:forKey: key= keyptr= value=<non-utf8> (0x1054d0000)
[2026-07-10T04:32:13] ENTER class+UIAlertAction sel=actionWithTitle:style:handler: arg=確定 caller=0x104e3033c
[2026-07-10T04:32:13] LEAVE class+UIAlertAction sel=actionWithTitle:style:handler: arg=確定 ret=0x282891170
[2026-07-10T04:32:13] ENTER class=UIAlertController sel=addAction: key= keyptr= actionTitle=確定 caller=0x104e3033c
[2026-07-10T04:32:13] LEAVE class=UIAlertController sel=addAction: key= keyptr= value=<unreadable> (0x282891170)
[2026-07-10T04:32:13] ENTER class+UIAlertAction sel=actionWithTitle:style:handler: arg=取消 caller=0x104e3033c
[2026-07-10T04:32:13] LEAVE class+UIAlertAction sel=actionWithTitle:style:handler: arg=取消 ret=0x282893180
[2026-07-10T04:32:13] ENTER class=UIAlertController sel=addAction: key= keyptr= actionTitle=取消 caller=0x104e3033c
[2026-07-10T04:32:13] LEAVE class=UIAlertController sel=addAction: key= keyptr= value=<unreadable> (0x282893180)
[2026-07-10T04:32:18] ENTER class+UIAlertAction sel=actionWithTitle:style:handler: arg=確定 caller=0x104e3033c
[2026-07-10T04:32:18] LEAVE class+UIAlertAction sel=actionWithTitle:style:handler: arg=確定 ret=0x282894360
[2026-07-10T04:32:18] ENTER class=UIAlertController sel=addAction: key= keyptr= actionTitle=確定 caller=0x104e3033c
[2026-07-10T04:32:18] LEAVE class=UIAlertController sel=addAction: key= keyptr= value=<unreadable> (0x282894360)
[2026-07-10T04:32:18] ENTER class+UIAlertAction sel=actionWithTitle:style:handler: arg=取消 caller=0x104e3033c
[2026-07-10T04:32:18] LEAVE class+UIAlertAction sel=actionWithTitle:style:handler: arg=取消 ret=0x282895290
[2026-07-10T04:32:18] ENTER class=UIAlertController sel=addAction: key= keyptr= actionTitle=取消 caller=0x104e3033c
[2026-07-10T04:32:18] LEAVE class=UIAlertController sel=addAction: key= keyptr= value=<unreadable> (0x282895290)
[2026-07-10T04:32:19] ENTER class=NSUserDefaults sel=setObject:forKey: key= keyptr= setValue=0x281aba7e0 caller=0x102e54df4
[2026-07-10T04:32:19] LEAVE class=NSUserDefaults sel=setObject:forKey: key= keyptr= value=<non-utf8> (0x1054d0000)
[2026-07-10T04:32:20] ENTER class=NSUserDefaults sel=setObject:forKey: key= keyptr= setValue=0x281ac7520 caller=0x102e54df4
[2026-07-10T04:32:20] LEAVE class=NSUserDefaults sel=setObject:forKey: key= keyptr= value=<non-utf8> (0x1054d0000)
[2026-07-10T04:32:30] ENTER class+UIAlertAction sel=actionWithTitle:style:handler: arg=確定 caller=0x104e3033c
[2026-07-10T04:32:30] LEAVE class+UIAlertAction sel=actionWithTitle:style:handler: arg=確定 ret=0x28289c000
[2026-07-10T04:32:30] ENTER class=UIAlertController sel=addAction: key= keyptr= actionTitle=確定 caller=0x104e3033c
[2026-07-10T04:32:30] LEAVE class=UIAlertController sel=addAction: key= keyptr= value=<unreadable> (0x28289c000)
[2026-07-10T04:32:30] ENTER class+UIAlertAction sel=actionWithTitle:style:handler: arg=取消 caller=0x104e3033c
[2026-07-10T04:32:30] LEAVE class+UIAlertAction sel=actionWithTitle:style:handler: arg=取消 ret=0x282898000
[2026-07-10T04:32:30] ENTER class=UIAlertController sel=addAction: key= keyptr= actionTitle=取消 caller=0x104e3033c
[2026-07-10T04:32:30] LEAVE class=UIAlertController sel=addAction: key= keyptr= value=<unreadable> (0x282898000)
[2026-07-10T04:32:41] ENTER class+UIAlertAction sel=actionWithTitle:style:handler: arg=確定 caller=0x104e3033c
[2026-07-10T04:32:41] LEAVE class+UIAlertAction sel=actionWithTitle:style:handler: arg=確定 ret=0x28289ebe0
[2026-07-10T04:32:41] ENTER class=UIAlertController sel=addAction: key= keyptr= actionTitle=確定 caller=0x104e3033c
[2026-07-10T04:32:41] LEAVE class=UIAlertController sel=addAction: key= keyptr= value=<unreadable> (0x28289ebe0)
[2026-07-10T04:32:41] ENTER class+UIAlertAction sel=actionWithTitle:style:handler: arg=取消 caller=0x104e3033c
[2026-07-10T04:32:41] LEAVE class+UIAlertAction sel=actionWithTitle:style:handler: arg=取消 ret=0x2828990e0
[2026-07-10T04:32:41] ENTER class=UIAlertController sel=addAction: key= keyptr= actionTitle=取消 caller=0x104e3033c
[2026-07-10T04:32:41] LEAVE class=UIAlertController sel=addAction: key= keyptr= value=<unreadable> (0x2828990e0)
[2026-07-10T04:32:43] ENTER class+UIAlertAction sel=actionWithTitle:style:handler: arg=確定 caller=0x104e3033c
[2026-07-10T04:32:43] LEAVE class+UIAlertAction sel=actionWithTitle:style:handler: arg=確定 ret=0x28289c090
[2026-07-10T04:32:43] ENTER class=UIAlertController sel=addAction: key= keyptr= actionTitle=確定 caller=0x104e3033c
[2026-07-10T04:32:43] LEAVE class=UIAlertController sel=addAction: key= keyptr= value=<unreadable> (0x28289c090)
[2026-07-10T04:32:43] ENTER class+UIAlertAction sel=actionWithTitle:style:handler: arg=取消 caller=0x104e3033c
[2026-07-10T04:32:43] LEAVE class+UIAlertAction sel=actionWithTitle:style:handler: arg=取消 ret=0x2828986c0
[2026-07-10T04:32:43] ENTER class=UIAlertController sel=addAction: key= keyptr= actionTitle=取消 caller=0x104e3033c
[2026-07-10T04:32:43] LEAVE class=UIAlertController sel=addAction: key= keyptr= value=<unreadable> (0x2828986c0)
[2026-07-10T04:32:45] ENTER class+UIAlertAction sel=actionWithTitle:style:handler: arg=確定 caller=0x104e3033c
[2026-07-10T04:32:45] LEAVE class+UIAlertAction sel=actionWithTitle:style:handler: arg=確定 ret=0x28289d7a0
[2026-07-10T04:32:45] ENTER class=UIAlertController sel=addAction: key= keyptr= actionTitle=確定 caller=0x104e3033c
[2026-07-10T04:32:45] LEAVE class=UIAlertController sel=addAction: key= keyptr= value=<unreadable> (0x28289d7a0)
[2026-07-10T04:32:45] ENTER class+UIAlertAction sel=actionWithTitle:style:handler: arg=取消 caller=0x104e3033c
[2026-07-10T04:32:45] LEAVE class+UIAlertAction sel=actionWithTitle:style:handler: arg=取消 ret=0x28289e7f0
[2026-07-10T04:32:45] ENTER class=UIAlertController sel=addAction: key= keyptr= actionTitle=取消 caller=0x104e3033c
[2026-07-10T04:32:45] LEAVE class=UIAlertController sel=addAction: key= keyptr= value=<unreadable> (0x28289e7f0)
[2026-07-10T04:32:46] ENTER class+UIAlertAction sel=actionWithTitle:style:handler: arg=確定 caller=0x104e3033c
[2026-07-10T04:32:46] LEAVE class+UIAlertAction sel=actionWithTitle:style:handler: arg=確定 ret=0x282898510
[2026-07-10T04:32:46] ENTER class=UIAlertController sel=addAction: key= keyptr= actionTitle=確定 caller=0x104e3033c
[2026-07-10T04:32:46] LEAVE class=UIAlertController sel=addAction: key= keyptr= value=<unreadable> (0x282898510)
[2026-07-10T04:32:46] ENTER class+UIAlertAction sel=actionWithTitle:style:handler: arg=取消 caller=0x104e3033c
[2026-07-10T04:32:46] LEAVE class+UIAlertAction sel=actionWithTitle:style:handler: arg=取消 ret=0x2828995f0
[2026-07-10T04:32:46] ENTER class=UIAlertController sel=addAction: key= keyptr= actionTitle=取消 caller=0x104e3033c
[2026-07-10T04:32:46] LEAVE class=UIAlertController sel=addAction: key= keyptr= value=<unreadable> (0x2828995f0)
[2026-07-10T04:32:49] ENTER class+UIAlertAction sel=actionWithTitle:style:handler: arg=確定 caller=0x104e3033c
[2026-07-10T04:32:49] LEAVE class+UIAlertAction sel=actionWithTitle:style:handler: arg=確定 ret=0x28289e640
[2026-07-10T04:32:49] ENTER class=UIAlertController sel=addAction: key= keyptr= actionTitle=確定 caller=0x104e3033c
[2026-07-10T04:32:49] LEAVE class=UIAlertController sel=addAction: key= keyptr= value=<unreadable> (0x28289e640)
[2026-07-10T04:32:49] ENTER class+UIAlertAction sel=actionWithTitle:style:handler: arg=取消 caller=0x104e3033c
[2026-07-10T04:32:49] LEAVE class+UIAlertAction sel=actionWithTitle:style:handler: arg=取消 ret=0x28289a6d0
[2026-07-10T04:32:49] ENTER class=UIAlertController sel=addAction: key= keyptr= actionTitle=取消 caller=0x104e3033c
[2026-07-10T04:32:49] LEAVE class=UIAlertController sel=addAction: key= keyptr= value=<unreadable> (0x28289a6d0)
[2026-07-10T04:32:51] ENTER class+UIAlertAction sel=actionWithTitle:style:handler: arg=確定 caller=0x104e3033c
[2026-07-10T04:32:51] LEAVE class+UIAlertAction sel=actionWithTitle:style:handler: arg=確定 ret=0x2828985a0
[2026-07-10T04:32:51] ENTER class=UIAlertController sel=addAction: key= keyptr= actionTitle=確定 caller=0x104e3033c
[2026-07-10T04:32:51] LEAVE class=UIAlertController sel=addAction: key= keyptr= value=<unreadable> (0x2828985a0)
[2026-07-10T04:32:51] ENTER class+UIAlertAction sel=actionWithTitle:style:handler: arg=取消 caller=0x104e3033c
[2026-07-10T04:32:51] LEAVE class+UIAlertAction sel=actionWithTitle:style:handler: arg=取消 ret=0x28289e370
[2026-07-10T04:32:51] ENTER class=UIAlertController sel=addAction: key= keyptr= actionTitle=取消 caller=0x104e3033c
[2026-07-10T04:32:51] LEAVE class=UIAlertController sel=addAction: key= keyptr= value=<unreadable> (0x28289e370)
[2026-07-10T04:32:55] ENTER class+UIAlertAction sel=actionWithTitle:style:handler: arg=確定 caller=0x104e3033c
[2026-07-10T04:32:55] LEAVE class+UIAlertAction sel=actionWithTitle:style:handler: arg=確定 ret=0x282896d00
[2026-07-10T04:32:55] ENTER class=UIAlertController sel=addAction: key= keyptr= actionTitle=確定 caller=0x104e3033c
[2026-07-10T04:32:55] LEAVE class=UIAlertController sel=addAction: key= keyptr= value=<unreadable> (0x282896d00)
[2026-07-10T04:32:55] ENTER class+UIAlertAction sel=actionWithTitle:style:handler: arg=取消 caller=0x104e3033c
[2026-07-10T04:32:55] LEAVE class+UIAlertAction sel=actionWithTitle:style:handler: arg=取消 ret=0x2828970f0
[2026-07-10T04:32:55] ENTER class=UIAlertController sel=addAction: key= keyptr= actionTitle=取消 caller=0x104e3033c
[2026-07-10T04:32:55] LEAVE class=UIAlertController sel=addAction: key= keyptr= value=<unreadable> (0x2828970f0)
[2026-07-10T04:33:15] ENTER class=NSUserDefaults sel=setObject:forKey: key= keyptr= setValue=0x281afcf00 caller=0x102e54df4
[2026-07-10T04:33:15] LEAVE class=NSUserDefaults sel=setObject:forKey: key= keyptr= value=<non-utf8> (0x1054d0000)
[2026-07-10T04:33:32] ENTER class=NSUserDefaults sel=setObject:forKey: key= keyptr= setValue=0x281a00e00 caller=0x102e54df4
[2026-07-10T04:33:32] LEAVE class=NSUserDefaults sel=setObject:forKey: key= keyptr= value=<non-utf8> (0x1054d0000)
[2026-07-10T04:33:33] ENTER class=NSUserDefaults sel=setObject:forKey: key= keyptr= setValue=0x281afc180 caller=0x102e54df4
[2026-07-10T04:33:33] LEAVE class=NSUserDefaults sel=setObject:forKey: key= keyptr= value=<non-utf8> (0x1054d0000)
[2026-07-10T04:33:35] ENTER class+UIAlertAction sel=actionWithTitle:style:handler: arg=確定 caller=0x104e3033c
[2026-07-10T04:33:35] LEAVE class+UIAlertAction sel=actionWithTitle:style:handler: arg=確定 ret=0x28289b060
[2026-07-10T04:33:35] ENTER class=UIAlertController sel=addAction: key= keyptr= actionTitle=確定 caller=0x104e3033c
[2026-07-10T04:33:35] LEAVE class=UIAlertController sel=addAction: key= keyptr= value=<unreadable> (0x28289b060)
[2026-07-10T04:33:35] ENTER class+UIAlertAction sel=actionWithTitle:style:handler: arg=取消 caller=0x104e3033c
[2026-07-10T04:33:35] LEAVE class+UIAlertAction sel=actionWithTitle:style:handler: arg=取消 ret=0x282896eb0
[2026-07-10T04:33:35] ENTER class=UIAlertController sel=addAction: key= keyptr= actionTitle=取消 caller=0x104e3033c
[2026-07-10T04:33:35] LEAVE class=UIAlertController sel=addAction: key= keyptr= value=<unreadable> (0x282896eb0)
