{
  "deb": {
    "path": "/Users/zest/myworks/apt-ios-patch/downloads/ctwpro-repo/debs/CTW_Pro(无根版)_5.6.0_com.xxdevice.CTWPro.Rootless560.deb",
    "size": 22252632,
    "sha256": "f10c545f65c81bc4d69afd5335c7fcd19d00ab3ca8b74d1227820996ebca54ef",
    "lfs_pointer": false
  },
  "control": {
    "Package": "com.xxdevice.CTWPro.Rootless560",
    "Name": "CTW Pro企业级(无根版)",
    "Version": "5.6.0",
    "Architecture": "iphoneos-arm64",
    "Section": "[CTW Pro]"
  },
  "outputs": [
    "deb.json",
    "control.json",
    "ar-members.txt",
    "tree.txt",
    "macho.json",
    "strings-hints.txt",
    "rootfs/",
    "control/"
  ]
}
/Users/zest/myworks/apt-ios-patch/work/ctwpro-rootless-5.6.0/evidence/CTWPro.entitlements.plist: OK
patched: /Users/zest/myworks/apt-ios-patch/work/ctwpro-rootless-5.6.0/build-deep/root/var/jb/Applications/CTW Pro.app/CTW Pro
unsigned SHA256: 962f20d5ff0218acf9c8ecdc001ee72f4f347f1986111f8f7956e601d711c89e
arm64 load command: file_off=0x1440 LC_LOAD_DYLIB retained
arm64 load path: file_off=0x1458 @executable_path/extend.bin -> @executable_path/fix.dylib
verified: /Users/zest/myworks/apt-ios-patch/work/ctwpro-rootless-5.6.0/build-deep/root/var/jb/Applications/CTW Pro.app/CTW Pro
SHA256: fca654d7cce9db0c87c375142741e45761ab6dcc8f92618b80e9bdae04b1d9a0
entitlements verified: 38 keys
fix.dylib runtime markers verified
built: /Users/zest/myworks/apt-ios-patch/work/ctwpro-rootless-5.6.0/build-deep/CTW_Pro企业级(无根版)_5.6.0-2_com.xxdevice.CTWPro.Rootless560_deep_nolicense_ustar.deb (21969212 bytes)
verified: /Users/zest/myworks/apt-ios-patch/work/ctwpro-rootless-5.6.0/verify-final-5.6.0-2/rootfs/var/jb/Applications/CTW Pro.app/CTW Pro
SHA256: fca654d7cce9db0c87c375142741e45761ab6dcc8f92618b80e9bdae04b1d9a0
{
  "deb": {
    "path": "/Users/zest/myworks/apt-ios-patch/work/ctwpro-rootless-5.6.0/build-deep/CTW_Pro企业级(无根版)_5.6.0-2_com.xxdevice.CTWPro.Rootless560_deep_nolicense_ustar.deb",
    "size": 21969212,
    "sha256": "68e14a7f8c17d181fb48a0dc16eadd7a85ce635470d3f339ba0973f3c2e4a9cb",
    "lfs_pointer": false
  },
  "control": {
    "Package": "com.xxdevice.CTWPro.Rootless560",
    "Name": "CTW Pro企业级(无根版)",
    "Version": "5.6.0-2",
    "Architecture": "iphoneos-arm64",
    "Section": "[CTW Pro]"
  },
  "outputs": [
    "deb.json",
    "control.json",
    "ar-members.txt",
    "tree.txt",
    "macho.json",
    "strings-hints.txt",
    "rootfs/",
    "control/"
  ]
}
{
  "deb": {
    "path": "/Users/zest/myworks/apt-ios-patch/patched/CTW_Pro企业级(无根版)_5.6.0-2_com.xxdevice.CTWPro.Rootless560_deep_nolicense_ustar.deb",
    "size": 21969212,
    "sha256": "68e14a7f8c17d181fb48a0dc16eadd7a85ce635470d3f339ba0973f3c2e4a9cb",
    "lfs_pointer": false
  },
  "control": {
    "Package": "com.xxdevice.CTWPro.Rootless560",
    "Name": "CTW Pro企业级(无根版)",
    "Version": "5.6.0-2",
    "Architecture": "iphoneos-arm64",
    "Section": "[CTW Pro]"
  },
  "outputs": [
    "deb.json",
    "control.json",
    "ar-members.txt",
    "tree.txt",
    "macho.json",
    "strings-hints.txt",
    "rootfs/",
    "control/"
  ]
}
68e14a7f8c17d181fb48a0dc16eadd7a85ce635470d3f339ba0973f3c2e4a9cb  /Users/zest/myworks/apt-ios-patch/patched/CTW_Pro企业级(无根版)_5.6.0-2_com.xxdevice.CTWPro.Rootless560_deep_nolicense_ustar.deb
size=21969212 bytes
