{"deb": "/Users/zest/myworks/apt-ios-patch/patched/CTW_Pro\u4f01\u4e1a\u7ea7(\u65e0\u6839\u7248)_5.6.0-2_com.xxdevice.CTWPro.Rootless560_deep_nolicense_ustar.deb", "size": 21968994, "sha256": "dbb8194951c19f286a0f520dd8f7efe51ba312919903007b8b68c7bc1150785b"}
uploaded 524288/21968994
uploaded 1048576/21968994
uploaded 1572864/21968994
uploaded 2097152/21968994
uploaded 2621440/21968994
uploaded 3145728/21968994
uploaded 3670016/21968994
uploaded 4194304/21968994
uploaded 4718592/21968994
uploaded 5242880/21968994
uploaded 5767168/21968994
uploaded 6291456/21968994
uploaded 6815744/21968994
uploaded 7340032/21968994
uploaded 7864320/21968994
uploaded 8388608/21968994
uploaded 8912896/21968994
uploaded 9437184/21968994
uploaded 9961472/21968994
uploaded 10485760/21968994
uploaded 11010048/21968994
uploaded 11534336/21968994
uploaded 12058624/21968994
uploaded 12582912/21968994
uploaded 13107200/21968994
uploaded 13631488/21968994
uploaded 14155776/21968994
uploaded 14680064/21968994
uploaded 15204352/21968994
uploaded 15728640/21968994
uploaded 16252928/21968994
uploaded 16777216/21968994
uploaded 17301504/21968994
uploaded 17825792/21968994
uploaded 18350080/21968994
uploaded 18874368/21968994
uploaded 19398656/21968994
uploaded 19922944/21968994
uploaded 20447232/21968994
uploaded 20971520/21968994
uploaded 21495808/21968994
uploaded 21968994/21968994
{"remote_hash_result": {"result": 0, "pid": 9442, "waited": 9442, "status": 0}, "remote_hash_log": "dbb8194951c19f286a0f520dd8f7efe51ba312919903007b8b68c7bc1150785b  /var/mobile/CTWPro.Rootless560_5.6.0-2.deb\n"}
{"install_spawn": {"result": 0, "pid": 9443, "waited": 9443, "status": 0}}
-- install log --
dpkg: 警告: 在解析文件 '/var/jb/Library/dpkg/status' 第 153 行附近，软件包 'com.amg456.vbox1' 时：缺失 'Description' 字段
dpkg: 警告: 在解析文件 '/var/jb/Library/dpkg/status' 第 153 行附近，软件包 'com.amg456.vbox1' 时：缺失 'Maintainer' 字段
dpkg: 警告: 在解析文件 '/var/jb/Library/dpkg/status' 第 221 行附近，软件包 'com.xxdevice.ctwpro.rootless560' 时：缺失 'Description' 字段
dpkg: 警告: 在解析文件 '/var/jb/Library/dpkg/tmp.ci/control' 第 12 行附近，软件包 'com.xxdevice.ctwpro.rootless560' 时：缺失 'Description' 字段
(正在读取数据库 ... 系统当前共安装有 9469 个文件和目录。)
准备解压 .../CTWPro.Rootless560_5.6.0-2.deb  ...
正在解压 com.xxdevice.ctwpro.rootless560 (5.6.0-2) 并覆盖 (5.6.0-2) ...
正在设置 com.xxdevice.ctwpro.rootless560 (5.6.0-2) ...
No matching processes were found
正在处理用于 apt.cydiakk.shadow-rootless (3.7.6) 的触发器 ...
正在处理用于 uikittools (2.1.7) 的触发器 ...
正在处理用于 org.coolstar.sileo (2.5) 的触发器 ...
{"query_result": {"result": 0, "pid": 9479, "waited": 9479, "status": 0}, "query_log": "dpkg-query: \u8b66\u544a: \u5728\u89e3\u6790\u6587\u4ef6 '/var/jb/Library/dpkg/status' \u7b2c 153 \u884c\u9644\u8fd1\uff0c\u8f6f\u4ef6\u5305 'com.amg456.vbox1' \u65f6\uff1a\u7f3a\u5931 'Description' \u5b57\u6bb5\ndpkg-query: \u8b66\u544a: \u5728\u89e3\u6790\u6587\u4ef6 '/var/jb/Library/dpkg/status' \u7b2c 153 \u884c\u9644\u8fd1\uff0c\u8f6f\u4ef6\u5305 'com.amg456.vbox1' \u65f6\uff1a\u7f3a\u5931 'Maintainer' \u5b57\u6bb5\ndpkg-query: \u8b66\u544a: \u5728\u89e3\u6790\u6587\u4ef6 '/var/jb/Library/dpkg/status' \u7b2c 221 \u884c\u9644\u8fd1\uff0c\u8f6f\u4ef6\u5305 'com.xxdevice.ctwpro.rootless560' \u65f6\uff1a\u7f3a\u5931 'Description' \u5b57\u6bb5\ncom.xxdevice.ctwpro.rootless560 5.6.0-2 iphoneos-arm64\n"}
{"uicache_result": {"result": 0, "pid": 9480, "waited": 9480, "status": 0}}
