{"deb": "/Users/zest/myworks/apt-ios-patch/patched/CTW_Pro\u4f01\u4e1a\u7ea7(\u65e0\u6839\u7248)_5.6.0-2_com.xxdevice.CTWPro.Rootless560_deep_nolicense_ustar.deb", "size": 21968924, "sha256": "7b2e26781df2b1d52de5c5290f138edacc4b3567363cdf84e9934e1b3e4566c1"}
uploaded 524288/21968924
uploaded 1048576/21968924
uploaded 1572864/21968924
uploaded 2097152/21968924
uploaded 2621440/21968924
uploaded 3145728/21968924
uploaded 3670016/21968924
uploaded 4194304/21968924
uploaded 4718592/21968924
uploaded 5242880/21968924
uploaded 5767168/21968924
uploaded 6291456/21968924
uploaded 6815744/21968924
uploaded 7340032/21968924
uploaded 7864320/21968924
uploaded 8388608/21968924
uploaded 8912896/21968924
uploaded 9437184/21968924
uploaded 9961472/21968924
uploaded 10485760/21968924
uploaded 11010048/21968924
uploaded 11534336/21968924
uploaded 12058624/21968924
uploaded 12582912/21968924
uploaded 13107200/21968924
uploaded 13631488/21968924
uploaded 14155776/21968924
uploaded 14680064/21968924
uploaded 15204352/21968924
uploaded 15728640/21968924
uploaded 16252928/21968924
uploaded 16777216/21968924
uploaded 17301504/21968924
uploaded 17825792/21968924
uploaded 18350080/21968924
uploaded 18874368/21968924
uploaded 19398656/21968924
uploaded 19922944/21968924
uploaded 20447232/21968924
uploaded 20971520/21968924
uploaded 21495808/21968924
uploaded 21968924/21968924
{"remote_hash_result": {"result": 0, "pid": 9189, "waited": 9189, "status": 0}, "remote_hash_log": "7b2e26781df2b1d52de5c5290f138edacc4b3567363cdf84e9934e1b3e4566c1  /var/mobile/CTWPro.Rootless560_5.6.0-2.deb\n"}
{"install_spawn": {"result": 0, "pid": 9190, "waited": 9190, "status": 0}}
-- install log --
dpkg: 警告: 在解析文件 '/var/jb/Library/dpkg/status' 第 153 行附近，软件包 'com.amg456.vbox1' 时：缺失 'Description' 字段
dpkg: 警告: 在解析文件 '/var/jb/Library/dpkg/status' 第 153 行附近，软件包 'com.amg456.vbox1' 时：缺失 'Maintainer' 字段
dpkg: 警告: 在解析文件 '/var/jb/Library/dpkg/status' 第 222 行附近，软件包 'com.xxdevice.ctwpro.rootless560' 时：缺失 'Description' 字段
dpkg: 警告: 在解析文件 '/var/jb/Library/dpkg/tmp.ci/control' 第 12 行附近，软件包 'com.xxdevice.ctwpro.rootless560' 时：缺失 'Description' 字段
(正在读取数据库 ... 系统当前共安装有 9468 个文件和目录。)
准备解压 .../CTWPro.Rootless560_5.6.0-2.deb  ...
/var/jb/Library/LaunchDaemons/com.xxdevice.ctwsrv.plist: Could not find specified service
正在解压 com.xxdevice.ctwpro.rootless560 (5.6.0-2) 并覆盖 (5.6.0-1) ...
正在设置 com.xxdevice.ctwpro.rootless560 (5.6.0-2) ...
正在处理用于 apt.cydiakk.shadow-rootless (3.7.6) 的触发器 ...
正在处理用于 uikittools (2.1.7) 的触发器 ...
正在处理用于 org.coolstar.sileo (2.5) 的触发器 ...
{"query_result": {"result": 0, "pid": 9227, "waited": 9227, "status": 256}, "query_log": "dpkg-query: \u8b66\u544a: \u5728\u89e3\u6790\u6587\u4ef6 '/var/jb/Library/dpkg/status' \u7b2c 153 \u884c\u9644\u8fd1\uff0c\u8f6f\u4ef6\u5305 'com.amg456.vbox1' \u65f6\uff1a\u7f3a\u5931 'Description' \u5b57\u6bb5\ndpkg-query: \u8b66\u544a: \u5728\u89e3\u6790\u6587\u4ef6 '/var/jb/Library/dpkg/status' \u7b2c 153 \u884c\u9644\u8fd1\uff0c\u8f6f\u4ef6\u5305 'com.amg456.vbox1' \u65f6\uff1a\u7f3a\u5931 'Maintainer' \u5b57\u6bb5\ndpkg-query: \u8b66\u544a: \u5728\u89e3\u6790\u6587\u4ef6 '/var/jb/Library/dpkg/status' \u7b2c 221 \u884c\u9644\u8fd1\uff0c\u8f6f\u4ef6\u5305 'com.xxdevice.ctwpro.rootless560' \u65f6\uff1a\u7f3a\u5931 'Description' \u5b57\u6bb5\ndpkg-query: \u6ca1\u6709\u627e\u5230\u4e0e com.xxdevice.CTWPro.Rootless560 \u76f8\u5339\u914d\u7684\u8f6f\u4ef6\u5305\n"}
