{"time": "2026-07-10T11:22:27.795577+00:00", "kind": "spawn", "data": {"bundle": "com.xxdevice.CTWPro", "pid": 9959, "device": "ef64eefd3b16d7158f3420f0113e06b860fd533d"}}
{"time": "2026-07-10T11:22:28.056744+00:00", "kind": "hook", "data": "sel_registerName=0x19885c5e8"}
{"time": "2026-07-10T11:22:28.058300+00:00", "kind": "hook", "data": "class_addMethod=0x198870610"}
{"time": "2026-07-10T11:22:28.058485+00:00", "kind": "hook", "data": "class_replaceMethod=0x198868640"}
{"time": "2026-07-10T11:22:28.058696+00:00", "kind": "hook", "data": "method_setImplementation=0x198870d44"}
{"time": "2026-07-10T11:22:28.059379+00:00", "kind": "hook", "data": "UILabel -setText:=UIKitCore+0x163610"}
{"time": "2026-07-10T11:22:28.059942+00:00", "kind": "hook", "data": "UITextField -setPlaceholder:=UIKitCore+0x50ffcc"}
{"time": "2026-07-10T11:22:28.060440+00:00", "kind": "hook", "data": "UITextField -setText:=UIKitCore+0x21cfd8"}
{"time": "2026-07-10T11:22:28.061558+00:00", "kind": "hook", "data": "UIAlertController +alertControllerWithTitle:message:preferredStyle:=UIKitCore+0x4168d8"}
{"time": "2026-07-10T11:22:28.062703+00:00", "kind": "hook", "data": "UIAlertView -initWithTitle:message:delegate:cancelButtonTitle:otherButtonTitles:=UIKitCore+0x6bbca0"}
{"time": "2026-07-10T11:22:28.062995+00:00", "kind": "hook", "data": "UIAlertView -show=UIKitCore+0x6bd1a4"}
{"time": "2026-07-10T11:22:28.063515+00:00", "kind": "hook", "data": "NSURLSession -dataTaskWithRequest:completionHandler:=CFNetwork+0x43440"}
{"time": "2026-07-10T11:22:28.064219+00:00", "kind": "hook", "data": "NSURLSession -dataTaskWithURL:completionHandler:=CFNetwork+0x1e3998"}
{"time": "2026-07-10T11:22:28.065006+00:00", "kind": "hook", "data": "NSJSONSerialization +JSONObjectWithData:options:error:=Foundation+0x50b50"}
{"time": "2026-07-10T11:22:28.066439+00:00", "kind": "hook", "data": "kill=0x1bb9270b8"}
{"time": "2026-07-10T11:22:28.066856+00:00", "kind": "hook", "data": "exit=0x18b7249c0"}
{"time": "2026-07-10T11:22:28.067014+00:00", "kind": "hook", "data": "_exit=0x1bb921ffc"}
{"time": "2026-07-10T11:22:28.067160+00:00", "kind": "hook", "data": "abort=0x18b729630"}
{"time": "2026-07-10T11:22:28.067384+00:00", "kind": "ready", "data": {"main": "/private/preboot/32AA6407BAA95597014A6E0B9C41EDFAF1FD8174C46D8E437F3082BD9948F79EFF4F691080B3D6D3E7EEC6383662C115/dopamine-fYddKK/procursus/Applications/CTW Pro.app/CTW Pro", "pid": 9959}}
{"time": "2026-07-10T11:22:28.067634+00:00", "kind": "deep-patch-module", "data": {"name": "fix.dylib", "path": "/private/preboot/32AA6407BAA95597014A6E0B9C41EDFAF1FD8174C46D8E437F3082BD9948F79EFF4F691080B3D6D3E7EEC6383662C115/dopamine-fYddKK/procursus/Applications/CTW Pro.app/fix.dylib", "base": "0x1042b4000", "size": 32768}}
{"time": "2026-07-10T11:22:28.069194+00:00", "kind": "resume", "data": {"pid": 9959}}
{"time": "2026-07-10T11:22:28.253074+00:00", "kind": "method-set-implementation", "data": {"selector": "setText:", "replacement": "fix.dylib+0x4658", "caller": "fix.dylib+0x4348"}}
{"time": "2026-07-10T11:22:28.253169+00:00", "kind": "selector", "data": "viewDidLoad"}
{"time": "2026-07-10T11:22:28.253344+00:00", "kind": "method-register", "data": {"api": "class_replaceMethod", "className": "ViewController", "selector": "initWithCoder:", "implementation": "0x103079a48", "location": "CTW Pro+0x4d9a48", "types": "@24@0:8@16"}}
{"time": "2026-07-10T11:22:28.253728+00:00", "kind": "method-register", "data": {"api": "class_replaceMethod", "className": "ViewController", "selector": "handleAppWillEnterForeground", "implementation": "0x10307a980", "location": "CTW Pro+0x4da980", "types": "v16@0:8"}}
{"time": "2026-07-10T11:22:28.253906+00:00", "kind": "selector", "data": "showQRCodeView:"}
{"time": "2026-07-10T11:22:28.254005+00:00", "kind": "method-register", "data": {"api": "class_replaceMethod", "className": "ViewController", "selector": "showQRCodeView:", "implementation": "0x10307ccb0", "location": "CTW Pro+0x4dccb0", "types": "v24@0:8@16"}}
{"time": "2026-07-10T11:22:28.254130+00:00", "kind": "method-register", "data": {"api": "class_replaceMethod", "className": "ViewController", "selector": "uploadCloudConfig", "implementation": "0x10307e06c", "location": "CTW Pro+0x4de06c", "types": "B16@0:8"}}
{"time": "2026-07-10T11:22:28.254604+00:00", "kind": "method-register", "data": {"api": "class_replaceMethod", "className": "ViewController", "selector": "closeQRCodeView:", "implementation": "0x103080bf4", "location": "CTW Pro+0x4e0bf4", "types": "v24@0:8@16"}}
{"time": "2026-07-10T11:22:28.255044+00:00", "kind": "selector", "data": "startLocalServer"}
{"time": "2026-07-10T11:22:28.255233+00:00", "kind": "method-register", "data": {"api": "class_replaceMethod", "className": "httpserver", "selector": "startLocalServer", "implementation": "0x1034b300c", "location": "CTW Pro+0x91300c", "types": "v16@0:8"}}
{"time": "2026-07-10T11:22:28.255318+00:00", "kind": "selector", "data": "webServerDidStart:"}
{"time": "2026-07-10T11:22:28.255760+00:00", "kind": "business-hook", "data": {"className": "ViewController", "selector": "handleAppWillEnterForeground", "implementation": "CTW Pro+0x4da980"}}
{"time": "2026-07-10T11:22:28.255828+00:00", "kind": "method-register", "data": {"api": "class_replaceMethod", "className": "httpserver", "selector": "webServerDidStart:", "implementation": "0x1034b93f4", "location": "CTW Pro+0x9193f4", "types": "v24@0:8@16"}}
{"time": "2026-07-10T11:22:28.257643+00:00", "kind": "method-register", "data": {"api": "class_replaceMethod", "className": "ViewController", "selector": "overlayViewTapped:", "implementation": "0x1030813c8", "location": "CTW Pro+0x4e13c8", "types": "v24@0:8@16"}}
{"time": "2026-07-10T11:22:28.257772+00:00", "kind": "selector", "data": "scanQRCode:"}
{"time": "2026-07-10T11:22:28.257911+00:00", "kind": "method-register", "data": {"api": "class_replaceMethod", "className": "ViewController", "selector": "scanQRCode:", "implementation": "0x103081c8c", "location": "CTW Pro+0x4e1c8c", "types": "v24@0:8@16"}}
{"time": "2026-07-10T11:22:28.259681+00:00", "kind": "selector", "data": "serverName"}
{"time": "2026-07-10T11:22:28.259764+00:00", "kind": "method-register", "data": {"api": "class_replaceMethod", "className": "GCDWebServer", "selector": "serverName", "implementation": "0x10304d8cc", "location": "CTW Pro+0x4ad8cc", "types": "@16@0:8"}}
{"time": "2026-07-10T11:22:28.260087+00:00", "kind": "business-hook", "data": {"className": "ViewController", "selector": "showQRCodeView:", "implementation": "CTW Pro+0x4dccb0"}}
{"time": "2026-07-10T11:22:28.261569+00:00", "kind": "business-hook", "data": {"className": "ViewController", "selector": "uploadCloudConfig", "implementation": "CTW Pro+0x4de06c"}}
{"time": "2026-07-10T11:22:28.261893+00:00", "kind": "method-register", "data": {"api": "class_replaceMethod", "className": "ViewController", "selector": "qrCodeScannerDidScanResult:", "implementation": "0x103082530", "location": "CTW Pro+0x4e2530", "types": "v24@0:8@16"}}
{"time": "2026-07-10T11:22:28.262063+00:00", "kind": "method-register", "data": {"api": "class_replaceMethod", "className": "ViewController", "selector": "JvgnSRHcrHmZxNJocXZHWQYSFjPrglVHvpybVYfpfuMZRgoCejVYdqxxTCjtzbfDwaNkQ", "implementation": "0x103086700", "location": "CTW Pro+0x4e6700", "types": "v16@0:8"}}
{"time": "2026-07-10T11:22:28.262671+00:00", "kind": "method-register", "data": {"api": "class_replaceMethod", "className": "ViewController", "selector": "clearDisk", "implementation": "0x10308751c", "location": "CTW Pro+0x4e751c", "types": "v16@0:8"}}
{"time": "2026-07-10T11:22:28.262803+00:00", "kind": "method-register", "data": {"api": "class_replaceMethod", "className": "ViewController", "selector": "autoClearDisk", "implementation": "0x10308a6a0", "location": "CTW Pro+0x4ea6a0", "types": "v16@0:8"}}
{"time": "2026-07-10T11:22:28.262871+00:00", "kind": "method-register", "data": {"api": "class_replaceMethod", "className": "ViewController", "selector": "gJhDjaMhDOfLDmHdHsGfxnhEFZEareBNtEgjVmjDgwjLVnjnYyVwJGVezyCzXovAGw:", "implementation": "0x10308c3e8", "location": "CTW Pro+0x4ec3e8", "types": "v24@0:8@16"}}
{"time": "2026-07-10T11:22:28.263788+00:00", "kind": "method-register", "data": {"api": "class_replaceMethod", "className": "ViewController", "selector": "UDFEkRRbhZCjAIEywqKKSchZItpYIgblfzeWlCjughdEbhNLAnvxdAFlrridIQfEA", "implementation": "0x10308d7c4", "location": "CTW Pro+0x4ed7c4", "types": "v16@0:8"}}
{"time": "2026-07-10T11:22:28.265448+00:00", "kind": "method-register", "data": {"api": "class_replaceMethod", "className": "ViewController", "selector": "yQHfwgrPZUXDoFoYXdDuEztOQaejmNgnRQcJUMMNWBkeabadoOVRSINTsiPifvGaQ", "implementation": "0x10308f7a4", "location": "CTW Pro+0x4ef7a4", "types": "v16@0:8"}}
{"time": "2026-07-10T11:22:28.269683+00:00", "kind": "method-register", "data": {"api": "class_replaceMethod", "className": "ViewController", "selector": "BnAOFckbvaRCUMPsXXzMAHofahNtyVQcFjVKUTpGqAgOxIZxMuZTjbwKYbuwfdLzgJQ", "implementation": "0x103092e14", "location": "CTW Pro+0x4f2e14", "types": "v16@0:8"}}
{"time": "2026-07-10T11:22:28.269934+00:00", "kind": "method-register", "data": {"api": "class_replaceMethod", "className": "ViewController", "selector": "mVxdTFbFmBCTppGgCetgYriXAVsvMBnefsmubmDTxboPfjYXgaexvxujJmYuDJDtUUuUHUMGvrA", "implementation": "0x1030944cc", "location": "CTW Pro+0x4f44cc", "types": "v16@0:8"}}
{"time": "2026-07-10T11:22:28.270038+00:00", "kind": "method-register", "data": {"api": "class_replaceMethod", "className": "ViewController", "selector": "dTbhqlOLPrNKNJUMEmiLZSaMPEAFUubKJrBqqFkJcVamNgdktnnKPVSzRLHrvJfpHA", "implementation": "0x103096a5c", "location": "CTW Pro+0x4f6a5c", "types": "v16@0:8"}}
{"time": "2026-07-10T11:22:28.270116+00:00", "kind": "method-register", "data": {"api": "class_replaceMethod", "className": "ViewController", "selector": "LczIOvzjtbxOXbkiHHWLUGgXhBxTNhBEXATBLBSiBNLOdKVCqURJnvSEZomMlECZlEIKFaUVQA", "implementation": "0x10309cc70", "location": "CTW Pro+0x4fcc70", "types": "v16@0:8"}}
{"time": "2026-07-10T11:22:28.270310+00:00", "kind": "method-register", "data": {"api": "class_replaceMethod", "className": "ViewController", "selector": "kzEuwpXxzLIhOszSqosMiNQVqQlpzElyeLnnzVyQzUUslZzVAfMwvEsiTZiBlsstWxOfIw", "implementation": "0x1030a0a98", "location": "CTW Pro+0x500a98", "types": "v16@0:8"}}
{"time": "2026-07-10T11:22:28.270406+00:00", "kind": "method-register", "data": {"api": "class_replaceMethod", "className": "ViewController", "selector": "PQNqWGLqfLXmVhmVRJOGhXQHPfBfYnSQeiUwNyppYxoAIltLfqbMWPIgNUrkyaLZYPUQ", "implementation": "0x1030a1e1c", "location": "CTW Pro+0x501e1c", "types": "v16@0:8"}}
{"time": "2026-07-10T11:22:28.270498+00:00", "kind": "selector", "data": "viewDidLoad"}
{"time": "2026-07-10T11:22:28.270789+00:00", "kind": "method-register", "data": {"api": "class_replaceMethod", "className": "ViewController", "selector": "viewDidLoad", "implementation": "0x1030a25c0", "location": "CTW Pro+0x5025c0", "types": "v16@0:8"}}
{"time": "2026-07-10T11:22:28.270924+00:00", "kind": "selector", "data": "viewDidAppear:"}
{"time": "2026-07-10T11:22:28.271013+00:00", "kind": "method-register", "data": {"api": "class_replaceMethod", "className": "ViewController", "selector": "viewDidAppear:", "implementation": "0x1030a7b68", "location": "CTW Pro+0x507b68", "types": "v20@0:8B16"}}
{"time": "2026-07-10T11:22:28.271078+00:00", "kind": "method-register", "data": {"api": "class_replaceMethod", "className": "ViewController", "selector": "alertView:clickedButtonAtIndex:", "implementation": "0x1030ac684", "location": "CTW Pro+0x50c684", "types": "v32@0:8@16q24"}}
{"time": "2026-07-10T11:22:28.271165+00:00", "kind": "method-register", "data": {"api": "class_replaceMethod", "className": "ViewController", "selector": "ugqdlOmFOwRdHfQjeHZFMhsfMIlfkhrDQcAIyOQXYsqICbpCBetZKrVmygcWwQlABwgA", "implementation": "0x1030ad0ec", "location": "CTW Pro+0x50d0ec", "types": "d16@0:8"}}
{"time": "2026-07-10T11:22:28.271293+00:00", "kind": "method-register", "data": {"api": "class_replaceMethod", "className": "ViewController", "selector": "cPBNFjlmedMssrIGRGuuOnZfQVWjemscVZZMKepObDzrDpJmgynBrTvsMVunAkvQnQ", "implementation": "0x1030adef8", "location": "CTW Pro+0x50def8", "types": "d16@0:8"}}
{"time": "2026-07-10T11:22:28.271642+00:00", "kind": "method-register", "data": {"api": "class_replaceMethod", "className": "ViewController", "selector": "vfgnKhOiFDJegbrqAKSFqyJZwEhkvSDuvEBqlEdWuFUyrjDvuCsXAJAMxZqwpTtOQVQ", "implementation": "0x1030aeb90", "location": "CTW Pro+0x50eb90", "types": "@16@0:8"}}
{"time": "2026-07-10T11:22:28.271765+00:00", "kind": "method-register", "data": {"api": "class_replaceMethod", "className": "ViewController", "selector": "vtyglpRtMEVUOECcNpEPRxuNgtWwFtOIicPwRaOkpUCFzpjfUczfuHeBxDqtdLBVNaovA", "implementation": "0x1030b06c4", "location": "CTW Pro+0x5106c4", "types": "d16@0:8"}}
{"time": "2026-07-10T11:22:28.271855+00:00", "kind": "method-register", "data": {"api": "class_replaceMethod", "className": "ViewController", "selector": "XLZgTDvGAuAyPFVljOIysLPhZRVMWnkjKNpWoIJnnChgxwlysYlWaNxlfrVNxTwPKxmXurSoOw", "implementation": "0x1030b0d84", "location": "CTW Pro+0x510d84", "types": "@16@0:8"}}
{"time": "2026-07-10T11:22:28.271935+00:00", "kind": "method-register", "data": {"api": "class_replaceMethod", "className": "ViewController", "selector": "decodeLocationFromCity:completionHandler:", "implementation": "0x1030b1a58", "location": "CTW Pro+0x511a58", "types": "@32@0:8@16@?24"}}
{"time": "2026-07-10T11:22:28.272028+00:00", "kind": "method-register", "data": {"api": "class_replaceMethod", "className": "ViewController", "selector": "IOPJBffNbNEIJoCKceCBtHixBEFOAbVGSXjbyvRzLIKQNNQpOYGFUPULmRDUQWIYIdBXNg", "implementation": "0x1030b33fc", "location": "CTW Pro+0x5133fc", "types": "@16@0:8"}}
{"time": "2026-07-10T11:22:28.272095+00:00", "kind": "method-register", "data": {"api": "class_replaceMethod", "className": "ViewController", "selector": "isInNetwork", "implementation": "0x1030b4dfc", "location": "CTW Pro+0x514dfc", "types": "B16@0:8"}}
{"time": "2026-07-10T11:22:28.272373+00:00", "kind": "selector", "data": "statusCode"}
{"time": "2026-07-10T11:22:28.272519+00:00", "kind": "method-register", "data": {"api": "class_replaceMethod", "className": "GCDWebServerResponse", "selector": "statusCode", "implementation": "0x102d4c914", "location": "CTW Pro+0x1ac914", "types": "q16@0:8"}}
{"time": "2026-07-10T11:22:28.272707+00:00", "kind": "selector", "data": "setStatusCode:"}
{"time": "2026-07-10T11:22:28.272832+00:00", "kind": "method-register", "data": {"api": "class_replaceMethod", "className": "GCDWebServerResponse", "selector": "setStatusCode:", "implementation": "0x102d4cf8c", "location": "CTW Pro+0x1acf8c", "types": "v24@0:8q16"}}
{"time": "2026-07-10T11:22:28.273148+00:00", "kind": "method-register", "data": {"api": "class_replaceMethod", "className": "ViewController", "selector": "updateUITimer", "implementation": "0x1030b5af0", "location": "CTW Pro+0x515af0", "types": "v16@0:8"}}
{"time": "2026-07-10T11:22:28.276140+00:00", "kind": "business-hook", "data": {"className": "ViewController", "selector": "scanQRCode:", "implementation": "CTW Pro+0x4e1c8c"}}
{"time": "2026-07-10T11:22:28.276529+00:00", "kind": "business-hook", "data": {"className": "ViewController", "selector": "qrCodeScannerDidScanResult:", "implementation": "CTW Pro+0x4e2530"}}
{"time": "2026-07-10T11:22:28.276757+00:00", "kind": "selector", "data": "_initializeResponseHeadersWithStatusCode:"}
{"time": "2026-07-10T11:22:28.276914+00:00", "kind": "method-register", "data": {"api": "class_replaceMethod", "className": "GCDWebServerConnection", "selector": "_initializeResponseHeadersWithStatusCode:", "implementation": "0x102fcc014", "location": "CTW Pro+0x42c014", "types": "v24@0:8q16"}}
{"time": "2026-07-10T11:22:28.277742+00:00", "kind": "business-hook", "data": {"className": "ViewController", "selector": "JvgnSRHcrHmZxNJocXZHWQYSFjPrglVHvpybVYfpfuMZRgoCejVYdqxxTCjtzbfDwaNkQ", "implementation": "CTW Pro+0x4e6700"}}
{"time": "2026-07-10T11:22:28.278606+00:00", "kind": "selector", "data": "initWithServer:localAddress:remoteAddress:socket:"}
{"time": "2026-07-10T11:22:28.279025+00:00", "kind": "method-register", "data": {"api": "class_replaceMethod", "className": "GCDWebServerConnection", "selector": "initWithServer:localAddress:remoteAddress:socket:", "implementation": "0x102fdc950", "location": "CTW Pro+0x43c950", "types": "@44@0:8@16@24@32i40"}}
{"time": "2026-07-10T11:22:28.279146+00:00", "kind": "selector", "data": "server"}
{"time": "2026-07-10T11:22:28.279198+00:00", "kind": "method-register", "data": {"api": "class_replaceMethod", "className": "GCDWebServerConnection", "selector": "server", "implementation": "0x102fe04a8", "location": "CTW Pro+0x4404a8", "types": "@16@0:8"}}
{"time": "2026-07-10T11:22:28.280428+00:00", "kind": "method-register", "data": {"api": "class_replaceMethod", "className": "ViewController", "selector": "writeCTWCacheEnv", "implementation": "0x1030ba5f4", "location": "CTW Pro+0x51a5f4", "types": "v16@0:8"}}
{"time": "2026-07-10T11:22:28.281493+00:00", "kind": "selector", "data": "applicationWillResignActive:"}
{"time": "2026-07-10T11:22:28.281557+00:00", "kind": "method-register", "data": {"api": "class_replaceMethod", "className": "ocpqxiewMWTMyzBmMsRgPeJhKPNawEQTWnDISDlHQMhKrfmGGALQpFSJyGsZFFsaTQ", "selector": "applicationWillResignActive:", "implementation": "0x10322ec04", "location": "CTW Pro+0x68ec04", "types": "v24@0:8@16"}}
{"time": "2026-07-10T11:22:28.281747+00:00", "kind": "selector", "data": "applicationDidBecomeActive:"}
{"time": "2026-07-10T11:22:28.281805+00:00", "kind": "method-register", "data": {"api": "class_replaceMethod", "className": "ocpqxiewMWTMyzBmMsRgPeJhKPNawEQTWnDISDlHQMhKrfmGGALQpFSJyGsZFFsaTQ", "selector": "applicationDidBecomeActive:", "implementation": "0x1032306a0", "location": "CTW Pro+0x6906a0", "types": "v24@0:8@16"}}
{"time": "2026-07-10T11:22:28.300335+00:00", "kind": "method-register", "data": {"api": "class_replaceMethod", "className": "ViewController", "selector": "cNaPdFEvAqYmeeGCFssZXjLLwojCeoVoXWOLYVYDuwHFtECrurwqHZCreSaCSSOHfDVCdhzQg:", "implementation": "0x1030bc5e8", "location": "CTW Pro+0x51c5e8", "types": "q20@0:8B16"}}
{"time": "2026-07-10T11:22:28.301376+00:00", "kind": "method-register", "data": {"api": "class_replaceMethod", "className": "ViewController", "selector": "performeMachineStub", "implementation": "0x1030dde04", "location": "CTW Pro+0x53de04", "types": "v16@0:8"}}
{"time": "2026-07-10T11:22:28.301710+00:00", "kind": "method-register", "data": {"api": "class_replaceMethod", "className": "ViewController", "selector": "performeMachine:", "implementation": "0x1030e6cd4", "location": "CTW Pro+0x546cd4", "types": "v24@0:8@16"}}
{"time": "2026-07-10T11:22:28.306675+00:00", "kind": "business-hook", "data": {"className": "ViewController", "selector": "viewDidLoad", "implementation": "CTW Pro+0x5025c0"}}
{"time": "2026-07-10T11:22:28.309036+00:00", "kind": "business-hook", "data": {"className": "ViewController", "selector": "viewDidAppear:", "implementation": "CTW Pro+0x507b68"}}
{"time": "2026-07-10T11:22:28.309155+00:00", "kind": "business-hook", "data": {"className": "ViewController", "selector": "alertView:clickedButtonAtIndex:", "implementation": "CTW Pro+0x50c684"}}
{"time": "2026-07-10T11:22:28.309953+00:00", "kind": "business-hook", "data": {"className": "ViewController", "selector": "isInNetwork", "implementation": "CTW Pro+0x514dfc"}}
{"time": "2026-07-10T11:22:28.310117+00:00", "kind": "method-register", "data": {"api": "class_replaceMethod", "className": "ViewController", "selector": "bJQyOyAqXaWKprEUiZBoygLEzBHFyGulegUaPjPOvXVsOfOOwAdAfXVxMkFuNNcPLNVrEcrOKXSw", "implementation": "0x1030e876c", "location": "CTW Pro+0x54876c", "types": "v16@0:8"}}
{"time": "2026-07-10T11:22:28.310374+00:00", "kind": "method-register", "data": {"api": "class_replaceMethod", "className": "ViewController", "selector": "nativeMachine:", "implementation": "0x1030ec6ac", "location": "CTW Pro+0x54c6ac", "types": "v24@0:8@16"}}
{"time": "2026-07-10T11:22:28.310650+00:00", "kind": "method-register", "data": {"api": "class_replaceMethod", "className": "ViewController", "selector": "cleanKeyChain:", "implementation": "0x1030efd5c", "location": "CTW Pro+0x54fd5c", "types": "v24@0:8@16"}}
{"time": "2026-07-10T11:22:28.310852+00:00", "kind": "method-register", "data": {"api": "class_replaceMethod", "className": "ViewController", "selector": "respring:", "implementation": "0x1030f1d80", "location": "CTW Pro+0x551d80", "types": "v24@0:8@16"}}
{"time": "2026-07-10T11:22:28.311060+00:00", "kind": "method-register", "data": {"api": "class_replaceMethod", "className": "ViewController", "selector": "reboot:", "implementation": "0x1030f2ab4", "location": "CTW Pro+0x552ab4", "types": "v24@0:8@16"}}
{"time": "2026-07-10T11:22:28.311228+00:00", "kind": "method-register", "data": {"api": "class_replaceMethod", "className": "ViewController", "selector": "lockUI:", "implementation": "0x1030f7560", "location": "CTW Pro+0x557560", "types": "v24@0:8@16"}}
{"time": "2026-07-10T11:22:28.311681+00:00", "kind": "selector", "data": "recharge:"}
{"time": "2026-07-10T11:22:28.311890+00:00", "kind": "method-register", "data": {"api": "class_replaceMethod", "className": "ViewController", "selector": "recharge:", "implementation": "0x1030f7bc0", "location": "CTW Pro+0x557bc0", "types": "v24@0:8@16"}}
{"time": "2026-07-10T11:22:28.312120+00:00", "kind": "method-register", "data": {"api": "class_replaceMethod", "className": "ViewController", "selector": "autoBackup:", "implementation": "0x1030f841c", "location": "CTW Pro+0x55841c", "types": "v24@0:8@16"}}
{"time": "2026-07-10T11:22:28.312175+00:00", "kind": "method-register", "data": {"api": "class_replaceMethod", "className": "ViewController", "selector": "fakeLocationSwt:", "implementation": "0x1030f92d8", "location": "CTW Pro+0x5592d8", "types": "v24@0:8@16"}}
{"time": "2026-07-10T11:22:28.315183+00:00", "kind": "method-register", "data": {"api": "class_replaceMethod", "className": "ViewController", "selector": "locationIPSwt:", "implementation": "0x1030fa350", "location": "CTW Pro+0x55a350", "types": "v24@0:8@16"}}
{"time": "2026-07-10T11:22:28.315493+00:00", "kind": "method-register", "data": {"api": "class_replaceMethod", "className": "ViewController", "selector": "fileSystemSimulationSwt:", "implementation": "0x1030fb36c", "location": "CTW Pro+0x55b36c", "types": "v24@0:8@16"}}
{"time": "2026-07-10T11:22:28.315625+00:00", "kind": "method-register", "data": {"api": "class_replaceMethod", "className": "ViewController", "selector": "BackupDidRestore", "implementation": "0x1030fc210", "location": "CTW Pro+0x55c210", "types": "v16@0:8"}}
{"time": "2026-07-10T11:22:28.315796+00:00", "kind": "method-register", "data": {"api": "class_replaceMethod", "className": "ViewController", "selector": "didReceiveMemoryWarning", "implementation": "0x1031005b0", "location": "CTW Pro+0x5605b0", "types": "v16@0:8"}}
{"time": "2026-07-10T11:22:28.316108+00:00", "kind": "method-register", "data": {"api": "class_replaceMethod", "className": "ViewController", "selector": "aHqsKTEWzeTauxpvolFfKHyXzwKkxlRFoQjkLKlGzvPPmfEOObvNMCarvZNtrynRUbYA", "implementation": "0x103100df8", "location": "CTW Pro+0x560df8", "types": "@16@0:8"}}
{"time": "2026-07-10T11:22:28.317786+00:00", "kind": "method-register", "data": {"api": "class_replaceMethod", "className": "ViewController", "selector": "versionLabel", "implementation": "0x1031014ec", "location": "CTW Pro+0x5614ec", "types": "@16@0:8"}}
{"time": "2026-07-10T11:22:28.318276+00:00", "kind": "method-register", "data": {"api": "class_replaceMethod", "className": "ViewController", "selector": "setVersionLabel:", "implementation": "0x103101d24", "location": "CTW Pro+0x561d24", "types": "v24@0:8@16"}}
{"time": "2026-07-10T11:22:28.318462+00:00", "kind": "method-register", "data": {"api": "class_replaceMethod", "className": "ViewController", "selector": "locationSwitch", "implementation": "0x103102460", "location": "CTW Pro+0x562460", "types": "@16@0:8"}}
{"time": "2026-07-10T11:22:28.318609+00:00", "kind": "method-register", "data": {"api": "class_replaceMethod", "className": "ViewController", "selector": "setLocationSwitch:", "implementation": "0x103102b34", "location": "CTW Pro+0x562b34", "types": "v24@0:8@16"}}
{"time": "2026-07-10T11:22:28.325764+00:00", "kind": "business-hook", "data": {"className": "ViewController", "selector": "writeCTWCacheEnv", "implementation": "CTW Pro+0x51a5f4"}}
{"time": "2026-07-10T11:22:28.325887+00:00", "kind": "method-register", "data": {"api": "class_replaceMethod", "className": "ViewController", "selector": "locationIPSwitch", "implementation": "0x1031031cc", "location": "CTW Pro+0x5631cc", "types": "@16@0:8"}}
{"time": "2026-07-10T11:22:28.326018+00:00", "kind": "method-register", "data": {"api": "class_replaceMethod", "className": "ViewController", "selector": "setLocationIPSwitch:", "implementation": "0x103103974", "location": "CTW Pro+0x563974", "types": "v24@0:8@16"}}
{"time": "2026-07-10T11:22:28.326188+00:00", "kind": "method-register", "data": {"api": "class_replaceMethod", "className": "ViewController", "selector": "fsSimulationSwitch", "implementation": "0x10310413c", "location": "CTW Pro+0x56413c", "types": "@16@0:8"}}
{"time": "2026-07-10T11:22:28.326245+00:00", "kind": "method-register", "data": {"api": "class_replaceMethod", "className": "ViewController", "selector": "setFsSimulationSwitch:", "implementation": "0x103104864", "location": "CTW Pro+0x564864", "types": "v24@0:8@16"}}
{"time": "2026-07-10T11:22:28.326749+00:00", "kind": "method-register", "data": {"api": "class_replaceMethod", "className": "ViewController", "selector": "randomSwitch", "implementation": "0x103104f84", "location": "CTW Pro+0x564f84", "types": "@16@0:8"}}
{"time": "2026-07-10T11:22:28.326954+00:00", "kind": "method-register", "data": {"api": "class_replaceMethod", "className": "ViewController", "selector": "setRandomSwitch:", "implementation": "0x1031056b4", "location": "CTW Pro+0x5656b4", "types": "v24@0:8@16"}}
{"time": "2026-07-10T11:22:28.328162+00:00", "kind": "method-register", "data": {"api": "class_replaceMethod", "className": "ViewController", "selector": "backupSwitch", "implementation": "0x103105e68", "location": "CTW Pro+0x565e68", "types": "@16@0:8"}}
{"time": "2026-07-10T11:22:28.336301+00:00", "kind": "business-hook", "data": {"className": "ViewController", "selector": "performeMachineStub", "implementation": "CTW Pro+0x53de04"}}
{"time": "2026-07-10T11:22:28.336483+00:00", "kind": "business-hook", "data": {"className": "ViewController", "selector": "performeMachine:", "implementation": "CTW Pro+0x546cd4"}}
{"time": "2026-07-10T11:22:28.337413+00:00", "kind": "business-hook", "data": {"className": "ViewController", "selector": "nativeMachine:", "implementation": "CTW Pro+0x54c6ac"}}
{"time": "2026-07-10T11:22:28.337624+00:00", "kind": "selector", "data": "getServer"}
{"time": "2026-07-10T11:22:28.344065+00:00", "kind": "selector", "data": "server"}
{"time": "2026-07-10T11:22:28.344888+00:00", "kind": "method-register", "data": {"api": "class_replaceMethod", "className": "ViewController", "selector": "setBackupSwitch:", "implementation": "0x103106498", "location": "CTW Pro+0x566498", "types": "v24@0:8@16"}}
{"time": "2026-07-10T11:22:28.345024+00:00", "kind": "method-register", "data": {"api": "class_replaceMethod", "className": "ViewController", "selector": "lockSwitch", "implementation": "0x103106c9c", "location": "CTW Pro+0x566c9c", "types": "@16@0:8"}}
{"time": "2026-07-10T11:22:28.345093+00:00", "kind": "method-register", "data": {"api": "class_replaceMethod", "className": "ViewController", "selector": "setLockSwitch:", "implementation": "0x103107344", "location": "CTW Pro+0x567344", "types": "v24@0:8@16"}}
{"time": "2026-07-10T11:22:28.345173+00:00", "kind": "selector", "data": "statusDescription"}
{"time": "2026-07-10T11:22:28.345417+00:00", "kind": "method-register", "data": {"api": "class_replaceMethod", "className": "ViewController", "selector": "statusDescription", "implementation": "0x103107bd0", "location": "CTW Pro+0x567bd0", "types": "@16@0:8"}}
{"time": "2026-07-10T11:22:28.345555+00:00", "kind": "selector", "data": "setStatusDescription:"}
{"time": "2026-07-10T11:22:28.345708+00:00", "kind": "method-register", "data": {"api": "class_replaceMethod", "className": "ViewController", "selector": "setStatusDescription:", "implementation": "0x1031082c8", "location": "CTW Pro+0x5682c8", "types": "v24@0:8@16"}}
{"time": "2026-07-10T11:22:28.345776+00:00", "kind": "method-register", "data": {"api": "class_replaceMethod", "className": "ViewController", "selector": "ipAddress", "implementation": "0x1031089e8", "location": "CTW Pro+0x5689e8", "types": "@16@0:8"}}
{"time": "2026-07-10T11:22:28.345882+00:00", "kind": "method-register", "data": {"api": "class_replaceMethod", "className": "ViewController", "selector": "setIpAddress:", "implementation": "0x103108fec", "location": "CTW Pro+0x568fec", "types": "v24@0:8@16"}}
{"time": "2026-07-10T11:22:28.345953+00:00", "kind": "selector", "data": "expireDate"}
{"time": "2026-07-10T11:22:28.346042+00:00", "kind": "method-register", "data": {"api": "class_replaceMethod", "className": "ViewController", "selector": "expireDate", "implementation": "0x1031097e0", "location": "CTW Pro+0x5697e0", "types": "@16@0:8"}}
{"time": "2026-07-10T11:22:28.346129+00:00", "kind": "selector", "data": "setExpireDate:"}
{"time": "2026-07-10T11:22:28.346192+00:00", "kind": "method-register", "data": {"api": "class_replaceMethod", "className": "ViewController", "selector": "setExpireDate:", "implementation": "0x10310a098", "location": "CTW Pro+0x56a098", "types": "v24@0:8@16"}}
{"time": "2026-07-10T11:22:28.346285+00:00", "kind": "method-register", "data": {"api": "class_replaceMethod", "className": "ViewController", "selector": "machineState", "implementation": "0x10310a6cc", "location": "CTW Pro+0x56a6cc", "types": "@16@0:8"}}
{"time": "2026-07-10T11:22:28.346572+00:00", "kind": "method-register", "data": {"api": "class_replaceMethod", "className": "ViewController", "selector": "setMachineState:", "implementation": "0x10310ad00", "location": "CTW Pro+0x56ad00", "types": "v24@0:8@16"}}
{"time": "2026-07-10T11:22:28.346697+00:00", "kind": "method-register", "data": {"api": "class_replaceMethod", "className": "ViewController", "selector": "manageredApd", "implementation": "0x10310b4f4", "location": "CTW Pro+0x56b4f4", "types": "@16@0:8"}}
{"time": "2026-07-10T11:22:28.346859+00:00", "kind": "method-register", "data": {"api": "class_replaceMethod", "className": "ViewController", "selector": "setManageredApd:", "implementation": "0x10310bb4c", "location": "CTW Pro+0x56bb4c", "types": "v24@0:8@16"}}
{"time": "2026-07-10T11:22:28.346932+00:00", "kind": "method-register", "data": {"api": "class_replaceMethod", "className": "ViewController", "selector": "isIsolateMode", "implementation": "0x10310c0dc", "location": "CTW Pro+0x56c0dc", "types": "B16@0:8"}}
{"time": "2026-07-10T11:22:28.347085+00:00", "kind": "method-register", "data": {"api": "class_replaceMethod", "className": "ViewController", "selector": "setIsIsolateMode:", "implementation": "0x10310c91c", "location": "CTW Pro+0x56c91c", "types": "v20@0:8B16"}}
{"time": "2026-07-10T11:22:28.348084+00:00", "kind": "method-register", "data": {"api": "class_replaceMethod", "className": "ViewController", "selector": "isNeedCheckIP", "implementation": "0x10310cfb0", "location": "CTW Pro+0x56cfb0", "types": "B16@0:8"}}
{"time": "2026-07-10T11:22:28.348308+00:00", "kind": "method-register", "data": {"api": "class_replaceMethod", "className": "ViewController", "selector": "setIsNeedCheckIP:", "implementation": "0x10310d67c", "location": "CTW Pro+0x56d67c", "types": "v20@0:8B16"}}
{"time": "2026-07-10T11:22:28.348446+00:00", "kind": "method-register", "data": {"api": "class_replaceMethod", "className": "ViewController", "selector": "isNeedFlushIP", "implementation": "0x10310dd44", "location": "CTW Pro+0x56dd44", "types": "B16@0:8"}}
{"time": "2026-07-10T11:22:28.348584+00:00", "kind": "method-register", "data": {"api": "class_replaceMethod", "className": "ViewController", "selector": "setIsNeedFlushIP:", "implementation": "0x10310e438", "location": "CTW Pro+0x56e438", "types": "v20@0:8B16"}}
{"time": "2026-07-10T11:22:28.348720+00:00", "kind": "method-register", "data": {"api": "class_replaceMethod", "className": "ViewController", "selector": "sNewVersion", "implementation": "0x10310eb0c", "location": "CTW Pro+0x56eb0c", "types": "@16@0:8"}}
{"time": "2026-07-10T11:22:28.348860+00:00", "kind": "method-register", "data": {"api": "class_replaceMethod", "className": "ViewController", "selector": "setSNewVersion:", "implementation": "0x10310f258", "location": "CTW Pro+0x56f258", "types": "v24@0:8@16"}}
{"time": "2026-07-10T11:22:28.349005+00:00", "kind": "method-register", "data": {"api": "class_replaceMethod", "className": "ViewController", "selector": "sNewVersionUrl", "implementation": "0x10310f98c", "location": "CTW Pro+0x56f98c", "types": "@16@0:8"}}
{"time": "2026-07-10T11:22:28.349230+00:00", "kind": "method-register", "data": {"api": "class_replaceMethod", "className": "ViewController", "selector": "setSNewVersionUrl:", "implementation": "0x103110008", "location": "CTW Pro+0x570008", "types": "v24@0:8@16"}}
{"time": "2026-07-10T11:22:28.349375+00:00", "kind": "method-register", "data": {"api": "class_replaceMethod", "className": "ViewController", "selector": "sNewVersionMsg", "implementation": "0x103110878", "location": "CTW Pro+0x570878", "types": "@16@0:8"}}
{"time": "2026-07-10T11:22:28.349509+00:00", "kind": "method-register", "data": {"api": "class_replaceMethod", "className": "ViewController", "selector": "setSNewVersionMsg:", "implementation": "0x10311112c", "location": "CTW Pro+0x57112c", "types": "v24@0:8@16"}}
{"time": "2026-07-10T11:22:28.349657+00:00", "kind": "method-register", "data": {"api": "class_replaceMethod", "className": "ViewController", "selector": "sCachedLocation", "implementation": "0x103111864", "location": "CTW Pro+0x571864", "types": "@16@0:8"}}
{"time": "2026-07-10T11:22:28.349797+00:00", "kind": "method-register", "data": {"api": "class_replaceMethod", "className": "ViewController", "selector": "setSCachedLocation:", "implementation": "0x103111f20", "location": "CTW Pro+0x571f20", "types": "v24@0:8@16"}}
{"time": "2026-07-10T11:22:28.349858+00:00", "kind": "method-register", "data": {"api": "class_replaceMethod", "className": "ViewController", "selector": "isForce", "implementation": "0x103112528", "location": "CTW Pro+0x572528", "types": "B16@0:8"}}
{"time": "2026-07-10T11:22:28.349994+00:00", "kind": "method-register", "data": {"api": "class_replaceMethod", "className": "ViewController", "selector": "setIsForce:", "implementation": "0x103112c08", "location": "CTW Pro+0x572c08", "types": "v20@0:8B16"}}
{"time": "2026-07-10T11:22:28.350134+00:00", "kind": "method-register", "data": {"api": "class_replaceMethod", "className": "ViewController", "selector": "isFirmware", "implementation": "0x1031132e8", "location": "CTW Pro+0x5732e8", "types": "B16@0:8"}}
{"time": "2026-07-10T11:22:28.350392+00:00", "kind": "method-register", "data": {"api": "class_replaceMethod", "className": "ViewController", "selector": "setIsFirmware:", "implementation": "0x103113958", "location": "CTW Pro+0x573958", "types": "v20@0:8B16"}}
{"time": "2026-07-10T11:22:28.350552+00:00", "kind": "method-register", "data": {"api": "class_replaceMethod", "className": "ViewController", "selector": "qrCodeView", "implementation": "0x103113f68", "location": "CTW Pro+0x573f68", "types": "@16@0:8"}}
{"time": "2026-07-10T11:22:28.350683+00:00", "kind": "method-register", "data": {"api": "class_replaceMethod", "className": "ViewController", "selector": "setQrCodeView:", "implementation": "0x103114568", "location": "CTW Pro+0x574568", "types": "v24@0:8@16"}}
{"time": "2026-07-10T11:22:28.350819+00:00", "kind": "method-register", "data": {"api": "class_replaceMethod", "className": "ViewController", "selector": "overlayView", "implementation": "0x103114c38", "location": "CTW Pro+0x574c38", "types": "@16@0:8"}}
{"time": "2026-07-10T11:22:28.350885+00:00", "kind": "method-register", "data": {"api": "class_replaceMethod", "className": "ViewController", "selector": "setOverlayView:", "implementation": "0x103115360", "location": "CTW Pro+0x575360", "types": "v24@0:8@16"}}
{"time": "2026-07-10T11:22:28.351030+00:00", "kind": "method-register", "data": {"api": "class_replaceMethod", "className": "ViewController", "selector": "qrCodeImageView", "implementation": "0x103115bb0", "location": "CTW Pro+0x575bb0", "types": "@16@0:8"}}
{"time": "2026-07-10T11:22:28.351088+00:00", "kind": "method-register", "data": {"api": "class_replaceMethod", "className": "ViewController", "selector": "setQrCodeImageView:", "implementation": "0x103116324", "location": "CTW Pro+0x576324", "types": "v24@0:8@16"}}
{"time": "2026-07-10T11:22:28.351228+00:00", "kind": "method-register", "data": {"api": "class_replaceMethod", "className": "ViewController", "selector": "captureSession", "implementation": "0x103116a68", "location": "CTW Pro+0x576a68", "types": "@16@0:8"}}
{"time": "2026-07-10T11:22:28.351272+00:00", "kind": "method-register", "data": {"api": "class_replaceMethod", "className": "ViewController", "selector": "setCaptureSession:", "implementation": "0x103116f7c", "location": "CTW Pro+0x576f7c", "types": "v24@0:8@16"}}
{"time": "2026-07-10T11:22:28.351390+00:00", "kind": "method-register", "data": {"api": "class_replaceMethod", "className": "ViewController", "selector": "previewLayer", "implementation": "0x10311759c", "location": "CTW Pro+0x57759c", "types": "@16@0:8"}}
{"time": "2026-07-10T11:22:28.351431+00:00", "kind": "method-register", "data": {"api": "class_replaceMethod", "className": "ViewController", "selector": "setPreviewLayer:", "implementation": "0x103117dcc", "location": "CTW Pro+0x577dcc", "types": "v24@0:8@16"}}
{"time": "2026-07-10T11:22:28.351485+00:00", "kind": "method-register", "data": {"api": "class_replaceMethod", "className": "ViewController", "selector": ".cxx_destruct", "implementation": "0x1031184a8", "location": "CTW Pro+0x5784a8", "types": "v16@0:8"}}
{"time": "2026-07-10T11:22:28.351528+00:00", "kind": "method-register", "data": {"api": "class_replaceMethod", "className": "ViewController", "selector": "cExlkDQBYKJmzfWMxzALFKDOJLLOqkpALonkeJXAxGLJRoFKozJpiJAuusewgxIeKDITqZQoew", "implementation": "0x10307926c", "location": "CTW Pro+0x4d926c", "types": "@16@0:8"}}
{"time": "2026-07-10T11:22:28.351589+00:00", "kind": "method-set-implementation", "data": {"selector": "updateUITimer", "replacement": "fix.dylib+0x44a8", "caller": "fix.dylib+0x4434"}}
{"time": "2026-07-10T11:22:28.351635+00:00", "kind": "method-set-implementation", "data": {"selector": "alertView:clickedButtonAtIndex:", "replacement": "fix.dylib+0x44f4", "caller": "fix.dylib+0x4434"}}
{"time": "2026-07-10T11:22:28.351689+00:00", "kind": "selector", "data": "recharge:"}
{"time": "2026-07-10T11:22:28.351732+00:00", "kind": "method-set-implementation", "data": {"selector": "recharge:", "replacement": "fix.dylib+0x4614", "caller": "fix.dylib+0x4434"}}
{"time": "2026-07-10T11:22:28.351804+00:00", "kind": "selector", "data": "showQRCodeView:"}
{"time": "2026-07-10T11:22:28.351846+00:00", "kind": "method-set-implementation", "data": {"selector": "showQRCodeView:", "replacement": "fix.dylib+0x4614", "caller": "fix.dylib+0x4434"}}
{"time": "2026-07-10T11:22:28.351904+00:00", "kind": "selector", "data": "scanQRCode:"}
{"time": "2026-07-10T11:22:28.351952+00:00", "kind": "method-set-implementation", "data": {"selector": "scanQRCode:", "replacement": "fix.dylib+0x4614", "caller": "fix.dylib+0x4434"}}
{"time": "2026-07-10T11:22:28.352010+00:00", "kind": "method-set-implementation", "data": {"selector": "qrCodeScannerDidScanResult:", "replacement": "fix.dylib+0x4614", "caller": "fix.dylib+0x4434"}}
{"time": "2026-07-10T11:22:28.352052+00:00", "kind": "method-set-implementation", "data": {"selector": "lockUI:", "replacement": "fix.dylib+0x4614", "caller": "fix.dylib+0x4434"}}
{"time": "2026-07-10T11:22:28.352100+00:00", "kind": "method-set-implementation", "data": {"selector": "isNeedCheckIP", "replacement": "fix.dylib+0x4618", "caller": "fix.dylib+0x4434"}}
{"time": "2026-07-10T11:22:28.352151+00:00", "kind": "method-set-implementation", "data": {"selector": "setIsNeedCheckIP:", "replacement": "fix.dylib+0x4620", "caller": "fix.dylib+0x4434"}}
{"time": "2026-07-10T11:22:28.352195+00:00", "kind": "method-set-implementation", "data": {"selector": "isNeedFlushIP", "replacement": "fix.dylib+0x4618", "caller": "fix.dylib+0x4434"}}
{"time": "2026-07-10T11:22:28.352251+00:00", "kind": "method-set-implementation", "data": {"selector": "setIsNeedFlushIP:", "replacement": "fix.dylib+0x463c", "caller": "fix.dylib+0x4434"}}
{"time": "2026-07-10T11:22:28.352295+00:00", "kind": "business-hook", "data": {"className": "ViewController", "selector": "lockUI:", "implementation": "CTW Pro+0x557560"}}
{"time": "2026-07-10T11:22:28.352344+00:00", "kind": "business-hook", "data": {"className": "ViewController", "selector": "recharge:", "implementation": "CTW Pro+0x557bc0"}}
{"time": "2026-07-10T11:22:28.352384+00:00", "kind": "selector", "data": "viewDidLoad"}
{"time": "2026-07-10T11:22:28.352439+00:00", "kind": "method-set-implementation", "data": {"selector": "viewDidLoad", "replacement": "fix.dylib+0x445c", "caller": "fix.dylib+0x4434"}}
{"time": "2026-07-10T11:22:28.352478+00:00", "kind": "selector", "data": "recharge:"}
{"time": "2026-07-10T11:22:28.352531+00:00", "kind": "selector", "data": "showQRCodeView:"}
{"time": "2026-07-10T11:22:28.352572+00:00", "kind": "selector", "data": "scanQRCode:"}
{"time": "2026-07-10T11:22:28.365108+00:00", "kind": "selector", "data": "perform:"}
{"time": "2026-07-10T11:22:28.365191+00:00", "kind": "selector", "data": "recharge:"}
{"time": "2026-07-10T11:22:28.365260+00:00", "kind": "selector", "data": "scanQRCode:"}
{"time": "2026-07-10T11:22:28.365351+00:00", "kind": "selector", "data": "showQRCodeView:"}
{"time": "2026-07-10T11:22:28.604238+00:00", "kind": "selector", "data": "viewDidLoad"}
{"time": "2026-07-10T11:22:28.604302+00:00", "kind": "selector", "data": "recharge:"}
{"time": "2026-07-10T11:22:28.604530+00:00", "kind": "selector", "data": "showQRCodeView:"}
{"time": "2026-07-10T11:22:28.604705+00:00", "kind": "selector", "data": "scanQRCode:"}
{"time": "2026-07-10T11:22:28.727328+00:00", "kind": "selector", "data": "setExpireDate:"}
{"time": "2026-07-10T11:22:28.727565+00:00", "kind": "selector", "data": "setStatusDescription:"}
{"time": "2026-07-10T11:22:28.728207+00:00", "kind": "selector", "data": "perform:"}
{"time": "2026-07-10T11:22:28.728385+00:00", "kind": "selector", "data": "perform:"}
{"time": "2026-07-10T11:22:28.728471+00:00", "kind": "selector", "data": "perform:"}
{"time": "2026-07-10T11:22:28.728985+00:00", "kind": "flow-enter", "data": {"className": "ViewController", "selector": "viewDidLoad", "implementation": "CTW Pro+0x5025c0", "caller": "fix.dylib+0x4490", "arg2": "0x1", "arg3": "0x16d25b8f0", "types": "v16@0:8"}}
{"time": "2026-07-10T11:22:28.736818+00:00", "kind": "selector", "data": "localWiFiStatusForFlags:"}
{"time": "2026-07-10T11:22:28.737047+00:00", "kind": "method-register", "data": {"api": "class_replaceMethod", "className": "Reachability", "selector": "localWiFiStatusForFlags:", "implementation": "0x1035174e8", "location": "CTW Pro+0x9774e8", "types": "q20@0:8I16"}}
{"time": "2026-07-10T11:22:28.737112+00:00", "kind": "selector", "data": "networkStatusForFlags:"}
{"time": "2026-07-10T11:22:28.737254+00:00", "kind": "method-register", "data": {"api": "class_replaceMethod", "className": "Reachability", "selector": "networkStatusForFlags:", "implementation": "0x103518b64", "location": "CTW Pro+0x978b64", "types": "q20@0:8I16"}}
{"time": "2026-07-10T11:22:28.737416+00:00", "kind": "selector", "data": "currentReachabilityStatus"}
{"time": "2026-07-10T11:22:28.737506+00:00", "kind": "method-register", "data": {"api": "class_replaceMethod", "className": "Reachability", "selector": "currentReachabilityStatus", "implementation": "0x10351b1c8", "location": "CTW Pro+0x97b1c8", "types": "q16@0:8"}}
{"time": "2026-07-10T11:22:28.858138+00:00", "kind": "selector", "data": "viewDidLoad"}
{"time": "2026-07-10T11:22:28.858210+00:00", "kind": "selector", "data": "recharge:"}
{"time": "2026-07-10T11:22:28.858251+00:00", "kind": "selector", "data": "showQRCodeView:"}
{"time": "2026-07-10T11:22:28.858337+00:00", "kind": "selector", "data": "scanQRCode:"}
{"time": "2026-07-10T11:22:29.114589+00:00", "kind": "selector", "data": "viewDidLoad"}
{"time": "2026-07-10T11:22:29.114797+00:00", "kind": "selector", "data": "recharge:"}
{"time": "2026-07-10T11:22:29.114892+00:00", "kind": "selector", "data": "showQRCodeView:"}
{"time": "2026-07-10T11:22:29.114976+00:00", "kind": "selector", "data": "scanQRCode:"}
{"time": "2026-07-10T11:22:29.368738+00:00", "kind": "selector", "data": "viewDidLoad"}
{"time": "2026-07-10T11:22:29.368951+00:00", "kind": "selector", "data": "recharge:"}
{"time": "2026-07-10T11:22:29.369043+00:00", "kind": "selector", "data": "showQRCodeView:"}
{"time": "2026-07-10T11:22:29.369242+00:00", "kind": "selector", "data": "scanQRCode:"}
{"time": "2026-07-10T11:22:29.378374+00:00", "kind": "flow-enter", "data": {"className": "ViewController", "selector": "writeCTWCacheEnv", "implementation": "CTW Pro+0x51a5f4", "caller": "CTW Pro+0x504b64", "arg2": "0x2", "arg3": "0x1922543c0", "types": "v16@0:8"}}
{"time": "2026-07-10T11:22:29.624712+00:00", "kind": "selector", "data": "viewDidLoad"}
{"time": "2026-07-10T11:22:29.624866+00:00", "kind": "selector", "data": "recharge:"}
{"time": "2026-07-10T11:22:29.624945+00:00", "kind": "selector", "data": "showQRCodeView:"}
{"time": "2026-07-10T11:22:29.625007+00:00", "kind": "selector", "data": "scanQRCode:"}
{"time": "2026-07-10T11:22:29.880000+00:00", "kind": "selector", "data": "viewDidLoad"}
{"time": "2026-07-10T11:22:29.880150+00:00", "kind": "selector", "data": "recharge:"}
{"time": "2026-07-10T11:22:29.880251+00:00", "kind": "selector", "data": "showQRCodeView:"}
{"time": "2026-07-10T11:22:29.880306+00:00", "kind": "selector", "data": "scanQRCode:"}
{"time": "2026-07-10T11:22:30.131002+00:00", "kind": "selector", "data": "viewDidLoad"}
{"time": "2026-07-10T11:22:30.131180+00:00", "kind": "selector", "data": "recharge:"}
{"time": "2026-07-10T11:22:30.131251+00:00", "kind": "selector", "data": "showQRCodeView:"}
{"time": "2026-07-10T11:22:30.131315+00:00", "kind": "selector", "data": "scanQRCode:"}
{"time": "2026-07-10T11:22:30.386367+00:00", "kind": "selector", "data": "viewDidLoad"}
{"time": "2026-07-10T11:22:30.386477+00:00", "kind": "selector", "data": "recharge:"}
{"time": "2026-07-10T11:22:30.386512+00:00", "kind": "selector", "data": "showQRCodeView:"}
{"time": "2026-07-10T11:22:30.386548+00:00", "kind": "selector", "data": "scanQRCode:"}
{"time": "2026-07-10T11:22:30.642339+00:00", "kind": "selector", "data": "viewDidLoad"}
{"time": "2026-07-10T11:22:30.642407+00:00", "kind": "selector", "data": "recharge:"}
{"time": "2026-07-10T11:22:30.642436+00:00", "kind": "selector", "data": "showQRCodeView:"}
{"time": "2026-07-10T11:22:30.642457+00:00", "kind": "selector", "data": "scanQRCode:"}
{"time": "2026-07-10T11:22:30.894960+00:00", "kind": "selector", "data": "viewDidLoad"}
{"time": "2026-07-10T11:22:30.895352+00:00", "kind": "selector", "data": "recharge:"}
{"time": "2026-07-10T11:22:30.895417+00:00", "kind": "selector", "data": "showQRCodeView:"}
{"time": "2026-07-10T11:22:30.895546+00:00", "kind": "selector", "data": "scanQRCode:"}
{"time": "2026-07-10T11:22:31.015992+00:00", "kind": "flow-leave", "data": {"className": "ViewController", "selector": "writeCTWCacheEnv", "result": "0x283313df0", "implementation": "CTW Pro+0x51a5f4"}}
{"time": "2026-07-10T11:22:31.021040+00:00", "kind": "selector", "data": "statusBarOrientationDidChange:"}
{"time": "2026-07-10T11:22:31.021249+00:00", "kind": "method-register", "data": {"api": "class_replaceMethod", "className": "KOZVJeuhPRbcRPcDFCJYKOTfsyvPKJVUxRnOWmmMENzYGVyrKqmabQXYbrdLFFlVnA", "selector": "statusBarOrientationDidChange:", "implementation": "0x1032a9e3c", "location": "CTW Pro+0x709e3c", "types": "v24@0:8@16"}}
{"time": "2026-07-10T11:22:31.041436+00:00", "kind": "ui-label", "data": {"text": "网络节点已就绪", "caller": "fix.dylib+0x46f0"}}
{"time": "2026-07-10T11:22:31.046288+00:00", "kind": "flow-leave", "data": {"className": "ViewController", "selector": "viewDidLoad", "result": "0x104552bf0", "implementation": "CTW Pro+0x5025c0"}}
{"time": "2026-07-10T11:22:31.046425+00:00", "kind": "ui-label", "data": {"text": "测试权限:永久", "caller": "fix.dylib+0x46f0"}}
{"time": "2026-07-10T11:22:31.046506+00:00", "kind": "ui-label", "data": {"text": "网络节点已就绪", "caller": "fix.dylib+0x46f0"}}
{"time": "2026-07-10T11:22:31.118700+00:00", "kind": "request", "data": {"url": "http://api.ctwvip.xyz/upload3", "method": "GET", "body": null, "headers": "<CFBasicHash 0x282420840 [0x1fb86b6c8]>{type = mutable dict, count = 0,\nentries =>\n}\n", "caller": "CTW Pro+0x990f58"}}
{"time": "2026-07-10T11:22:31.119053+00:00", "kind": "completion-hook", "data": {"requestUrl": "http://api.ctwvip.xyz/upload3", "implementation": "CTW Pro+0x992740"}}
{"time": "2026-07-10T11:22:31.147054+00:00", "kind": "selector", "data": "viewDidLoad"}
{"time": "2026-07-10T11:22:31.147186+00:00", "kind": "selector", "data": "recharge:"}
{"time": "2026-07-10T11:22:31.147257+00:00", "kind": "selector", "data": "showQRCodeView:"}
{"time": "2026-07-10T11:22:31.147351+00:00", "kind": "selector", "data": "scanQRCode:"}
{"time": "2026-07-10T11:22:31.400141+00:00", "kind": "selector", "data": "viewDidLoad"}
{"time": "2026-07-10T11:22:31.400665+00:00", "kind": "selector", "data": "recharge:"}
{"time": "2026-07-10T11:22:31.400730+00:00", "kind": "selector", "data": "showQRCodeView:"}
{"time": "2026-07-10T11:22:31.401065+00:00", "kind": "selector", "data": "scanQRCode:"}
{"time": "2026-07-10T11:22:31.658296+00:00", "kind": "selector", "data": "viewDidLoad"}
{"time": "2026-07-10T11:22:31.659602+00:00", "kind": "selector", "data": "recharge:"}
{"time": "2026-07-10T11:22:31.660499+00:00", "kind": "selector", "data": "showQRCodeView:"}
{"time": "2026-07-10T11:22:31.661266+00:00", "kind": "selector", "data": "scanQRCode:"}
{"time": "2026-07-10T11:22:31.915936+00:00", "kind": "selector", "data": "viewDidLoad"}
{"time": "2026-07-10T11:22:31.917652+00:00", "kind": "selector", "data": "recharge:"}
{"time": "2026-07-10T11:22:31.917933+00:00", "kind": "selector", "data": "showQRCodeView:"}
{"time": "2026-07-10T11:22:31.918573+00:00", "kind": "selector", "data": "scanQRCode:"}
{"time": "2026-07-10T11:22:32.172193+00:00", "kind": "selector", "data": "viewDidLoad"}
{"time": "2026-07-10T11:22:32.174242+00:00", "kind": "selector", "data": "recharge:"}
{"time": "2026-07-10T11:22:32.175481+00:00", "kind": "selector", "data": "showQRCodeView:"}
{"time": "2026-07-10T11:22:32.176103+00:00", "kind": "selector", "data": "scanQRCode:"}
{"time": "2026-07-10T11:22:32.432098+00:00", "kind": "selector", "data": "viewDidLoad"}
{"time": "2026-07-10T11:22:32.433966+00:00", "kind": "selector", "data": "recharge:"}
{"time": "2026-07-10T11:22:32.434139+00:00", "kind": "selector", "data": "showQRCodeView:"}
{"time": "2026-07-10T11:22:32.434424+00:00", "kind": "selector", "data": "scanQRCode:"}
{"time": "2026-07-10T11:22:32.689386+00:00", "kind": "selector", "data": "viewDidLoad"}
{"time": "2026-07-10T11:22:32.690557+00:00", "kind": "selector", "data": "recharge:"}
{"time": "2026-07-10T11:22:32.692163+00:00", "kind": "selector", "data": "showQRCodeView:"}
{"time": "2026-07-10T11:22:32.692565+00:00", "kind": "selector", "data": "scanQRCode:"}
{"time": "2026-07-10T11:22:32.949420+00:00", "kind": "selector", "data": "viewDidLoad"}
{"time": "2026-07-10T11:22:32.951420+00:00", "kind": "selector", "data": "recharge:"}
{"time": "2026-07-10T11:22:32.951909+00:00", "kind": "selector", "data": "showQRCodeView:"}
{"time": "2026-07-10T11:22:32.952213+00:00", "kind": "selector", "data": "scanQRCode:"}
{"time": "2026-07-10T11:22:33.210299+00:00", "kind": "selector", "data": "viewDidLoad"}
{"time": "2026-07-10T11:22:33.211853+00:00", "kind": "selector", "data": "recharge:"}
{"time": "2026-07-10T11:22:33.213239+00:00", "kind": "selector", "data": "showQRCodeView:"}
{"time": "2026-07-10T11:22:33.213515+00:00", "kind": "selector", "data": "scanQRCode:"}
{"time": "2026-07-10T11:22:33.460573+00:00", "kind": "response", "data": {"requestUrl": "http://api.ctwvip.xyz/upload3", "responseUrl": "http://api.ctwvip.xyz/upload3", "statusCode": 502, "length": 150, "sample": "<html>\r\n<head><title>502 Bad Gateway</title></head>\r\n<body>\r\n<center><h1>502 Bad Gateway</h1></center>\r\n<hr><center>nginx</center>\r\n</body>\r\n</html>\r\n", "error": null, "callback": "CTW Pro+0x992740", "caller": "CFNetwork+0x1f79c"}}
{"time": "2026-07-10T11:22:33.464549+00:00", "kind": "request", "data": {"url": "http://api.ctwvip.xyz/upload3", "method": "GET", "body": null, "headers": "<CFBasicHash 0x2824212c0 [0x1fb86b6c8]>{type = mutable dict, count = 0,\nentries =>\n}\n", "caller": "CTW Pro+0x990f58"}}
{"time": "2026-07-10T11:22:33.473968+00:00", "kind": "selector", "data": "viewDidLoad"}
{"time": "2026-07-10T11:22:33.474592+00:00", "kind": "selector", "data": "recharge:"}
{"time": "2026-07-10T11:22:33.474739+00:00", "kind": "selector", "data": "showQRCodeView:"}
{"time": "2026-07-10T11:22:33.475013+00:00", "kind": "selector", "data": "scanQRCode:"}
{"time": "2026-07-10T11:22:33.729963+00:00", "kind": "selector", "data": "viewDidLoad"}
{"time": "2026-07-10T11:22:33.731523+00:00", "kind": "selector", "data": "recharge:"}
{"time": "2026-07-10T11:22:33.733313+00:00", "kind": "selector", "data": "showQRCodeView:"}
{"time": "2026-07-10T11:22:33.733876+00:00", "kind": "selector", "data": "scanQRCode:"}
{"time": "2026-07-10T11:22:33.761337+00:00", "kind": "response", "data": {"requestUrl": "http://api.ctwvip.xyz/upload3", "responseUrl": "http://api.ctwvip.xyz/upload3", "statusCode": 502, "length": 150, "sample": "<html>\r\n<head><title>502 Bad Gateway</title></head>\r\n<body>\r\n<center><h1>502 Bad Gateway</h1></center>\r\n<hr><center>nginx</center>\r\n</body>\r\n</html>\r\n", "error": null, "callback": "CTW Pro+0x992740", "caller": "CFNetwork+0x1f79c"}}
{"time": "2026-07-10T11:22:33.764852+00:00", "kind": "request", "data": {"url": "http://api.ctwvip.xyz/upload3", "method": "GET", "body": null, "headers": "<CFBasicHash 0x282427100 [0x1fb86b6c8]>{type = mutable dict, count = 0,\nentries =>\n}\n", "caller": "CTW Pro+0x990f58"}}
{"time": "2026-07-10T11:22:33.966113+00:00", "kind": "response", "data": {"requestUrl": "http://api.ctwvip.xyz/upload3", "responseUrl": "http://api.ctwvip.xyz/upload3", "statusCode": 502, "length": 150, "sample": "<html>\r\n<head><title>502 Bad Gateway</title></head>\r\n<body>\r\n<center><h1>502 Bad Gateway</h1></center>\r\n<hr><center>nginx</center>\r\n</body>\r\n</html>\r\n", "error": null, "callback": "CTW Pro+0x992740", "caller": "CFNetwork+0x1f79c"}}
{"time": "2026-07-10T11:22:34.003547+00:00", "kind": "request", "data": {"url": "http://api.ctwvip.xyz/api/checkNews?version=5.6.0&client=ctwpro_rootless", "method": "GET", "caller": "CTW Pro+0x50117c"}}
{"time": "2026-07-10T11:22:34.006613+00:00", "kind": "completion-hook", "data": {"requestUrl": "http://api.ctwvip.xyz/api/checkNews?version=5.6.0&client=ctwpro_rootless", "implementation": "CTW Pro+0x501404"}}
{"time": "2026-07-10T11:22:34.006981+00:00", "kind": "flow-enter", "data": {"className": "ViewController", "selector": "viewDidAppear:", "implementation": "CTW Pro+0x507b68", "caller": "UIKitCore+0x199ff0", "arg2": "0x1", "arg3": "0x1", "types": "v20@0:8B16"}}
{"time": "2026-07-10T11:22:34.007199+00:00", "kind": "flow-leave", "data": {"className": "ViewController", "selector": "viewDidAppear:", "result": "0x28310c6e0", "implementation": "CTW Pro+0x507b68"}}
{"time": "2026-07-10T11:22:34.007344+00:00", "kind": "selector", "data": "viewDidLoad"}
{"time": "2026-07-10T11:22:34.007884+00:00", "kind": "selector", "data": "recharge:"}
{"time": "2026-07-10T11:22:34.010055+00:00", "kind": "selector", "data": "showQRCodeView:"}
{"time": "2026-07-10T11:22:34.010097+00:00", "kind": "selector", "data": "scanQRCode:"}
{"time": "2026-07-10T11:22:34.263799+00:00", "kind": "selector", "data": "viewDidLoad"}
{"time": "2026-07-10T11:22:34.264144+00:00", "kind": "selector", "data": "recharge:"}
{"time": "2026-07-10T11:22:34.264556+00:00", "kind": "selector", "data": "showQRCodeView:"}
{"time": "2026-07-10T11:22:34.264598+00:00", "kind": "selector", "data": "scanQRCode:"}
{"time": "2026-07-10T11:22:34.271394+00:00", "kind": "response", "data": {"requestUrl": "http://api.ctwvip.xyz/api/checkNews?version=5.6.0&client=ctwpro_rootless", "responseUrl": "http://api.ctwvip.xyz/api/checkNews?version=5.6.0&client=ctwpro_rootless", "statusCode": 502, "length": 150, "sample": "<html>\r\n<head><title>502 Bad Gateway</title></head>\r\n<body>\r\n<center><h1>502 Bad Gateway</h1></center>\r\n<hr><center>nginx</center>\r\n</body>\r\n</html>\r\n", "error": null, "callback": "CTW Pro+0x501404", "caller": "CFNetwork+0x1f79c"}}
{"time": "2026-07-10T11:22:34.272014+00:00", "kind": "selector", "data": "viewDidLoad"}
{"time": "2026-07-10T11:22:34.272430+00:00", "kind": "method-register", "data": {"api": "class_replaceMethod", "className": "ApplyViewController", "selector": "viewDidLoad", "implementation": "0x1032019c4", "location": "CTW Pro+0x6619c4", "types": "v16@0:8"}}
{"time": "2026-07-10T11:22:34.272805+00:00", "kind": "selector", "data": "viewDidAppear:"}
{"time": "2026-07-10T11:22:34.273559+00:00", "kind": "method-register", "data": {"api": "class_replaceMethod", "className": "ApplyViewController", "selector": "viewDidAppear:", "implementation": "0x103202698", "location": "CTW Pro+0x662698", "types": "v20@0:8B16"}}
{"time": "2026-07-10T11:22:34.277075+00:00", "kind": "method-register", "data": {"api": "class_replaceMethod", "className": "ApplyViewController", "selector": "tableView:numberOfRowsInSection:", "implementation": "0x103206f54", "location": "CTW Pro+0x666f54", "types": "q32@0:8@16q24"}}
{"time": "2026-07-10T11:22:34.279260+00:00", "kind": "method-register", "data": {"api": "class_replaceMethod", "className": "ApplyViewController", "selector": "tableView:didSelectRowAtIndexPath:", "implementation": "0x103207694", "location": "CTW Pro+0x667694", "types": "v32@0:8@16@24"}}
{"time": "2026-07-10T11:22:34.279438+00:00", "kind": "method-register", "data": {"api": "class_replaceMethod", "className": "ApplyViewController", "selector": "tableView:cellForRowAtIndexPath:", "implementation": "0x1032086c0", "location": "CTW Pro+0x6686c0", "types": "@32@0:8@16@24"}}
{"time": "2026-07-10T11:22:34.280638+00:00", "kind": "method-register", "data": {"api": "class_replaceMethod", "className": "ApplyViewController", "selector": "cache", "implementation": "0x10320a3d8", "location": "CTW Pro+0x66a3d8", "types": "@16@0:8"}}
{"time": "2026-07-10T11:22:34.281202+00:00", "kind": "method-register", "data": {"api": "class_replaceMethod", "className": "ApplyViewController", "selector": ".cxx_destruct", "implementation": "0x10320ac58", "location": "CTW Pro+0x66ac58", "types": "v16@0:8"}}
{"time": "2026-07-10T11:22:34.281495+00:00", "kind": "method-register", "data": {"api": "class_replaceMethod", "className": "ApplyViewController", "selector": "DcKflWmhZeREspqvduSdCfBOElvXHwEPbWLBQzMBoBJLfNdJudErBAegaSKQmnwtcISUDMeliTGOw:isEnable:", "implementation": "0x1031fbd24", "location": "CTW Pro+0x65bd24", "types": "v28@0:8@16B24"}}
{"time": "2026-07-10T11:22:34.281790+00:00", "kind": "method-register", "data": {"api": "class_replaceMethod", "className": "ApplyViewController", "selector": "ZdPmeGHzZKhByVAOhvqDVSlwAzlyYnANQrTmSVEhgmOVpYkzmlGgNRflxJDIiESvkhdAoTg", "implementation": "0x1031fd80c", "location": "CTW Pro+0x65d80c", "types": "@16@0:8"}}
{"time": "2026-07-10T11:22:34.282125+00:00", "kind": "request", "data": {"url": "http://api.ctwvip.xyz/api/getuiconfig", "method": "GET", "caller": "CTW Pro+0x4f4e10"}}
{"time": "2026-07-10T11:22:34.296409+00:00", "kind": "completion-hook", "data": {"requestUrl": "http://api.ctwvip.xyz/api/getuiconfig", "implementation": "CTW Pro+0x4f52a0"}}
{"time": "2026-07-10T11:22:34.296631+00:00", "kind": "request", "data": {"url": "http://api.ctwvip.xyz/api/announcement", "method": "GET", "caller": "CTW Pro+0x4f38d4"}}
{"time": "2026-07-10T11:22:34.296695+00:00", "kind": "completion-hook", "data": {"requestUrl": "http://api.ctwvip.xyz/api/announcement", "implementation": "CTW Pro+0x4f3bc8"}}
{"time": "2026-07-10T11:22:43.077887+00:00", "kind": "kill-after-probe", "data": {"pid": 9959}}
